
Pinging 192.168.100.100 with 32 bytes of data:
Reply from 192.168.100.75: Destination host unreachable.

Ping statistics for 192.168.100.100:
    Packets: Sent = 1, Received = 1, Lost = 0 (0% loss),

Pinging 192.168.100.100 with 32 bytes of data:
Reply from 192.168.100.75: Destination host unreachable.

Ping statistics for 192.168.100.100:
    Packets: Sent = 1, Received = 1, Lost = 0 (0% loss),

Pinging 192.168.100.100 with 32 bytes of data:
Reply from 192.168.100.75: Destination host unreachable.

Ping statistics for 192.168.100.100:
    Packets: Sent = 1, Received = 1, Lost = 0 (0% loss),

Pinging 192.168.100.100 with 32 bytes of data:
Reply from 192.168.100.75: Destination host unreachable.

Ping statistics for 192.168.100.100:
    Packets: Sent = 1, Received = 1, Lost = 0 (0% loss),

Pinging 192.168.100.100 with 32 bytes of data:
Reply from 192.168.100.75: Destination host unreachable.

Ping statistics for 192.168.100.100:
    Packets: Sent = 1, Received = 1, Lost = 0 (0% loss),

Pinging 192.168.100.100 with 32 bytes of data:
Reply from 192.168.100.75: Destination host unreachable.

Ping statistics for 192.168.100.100:
    Packets: Sent = 1, Received = 1, Lost = 0 (0% loss),

Pinging 192.168.100.100 with 32 bytes of data:
Reply from 192.168.100.75: Destination host unreachable.

Ping statistics for 192.168.100.100:
    Packets: Sent = 1, Received = 1, Lost = 0 (0% loss),

Pinging 192.168.100.100 with 32 bytes of data:
Reply from 192.168.100.75: Destination host unreachable.

Ping statistics for 192.168.100.100:
    Packets: Sent = 1, Received = 1, Lost = 0 (0% loss),

Pinging 192.168.100.100 with 32 bytes of data:
Reply from 192.168.100.75: Destination host unreachable.

Ping statistics for 192.168.100.100:
    Packets: Sent = 1, Received = 1, Lost = 0 (0% loss),

Pinging 192.168.100.100 with 32 bytes of data:
Reply from 192.168.100.75: Destination host unreachable.

Ping statistics for 192.168.100.100:
    Packets: Sent = 1, Received = 1, Lost = 0 (0% loss),

Pinging 192.168.100.100 with 32 bytes of data:
Reply from 192.168.100.75: Destination host unreachable.

Ping statistics for 192.168.100.100:
    Packets: Sent = 1, Received = 1, Lost = 0 (0% loss),

Pinging 192.168.100.100 with 32 bytes of data:
Reply from 192.168.100.75: Destination host unreachable.

Ping statistics for 192.168.100.100:
    Packets: Sent = 1, Received = 1, Lost = 0 (0% loss),

Pinging 192.168.100.100 with 32 bytes of data:
Reply from 192.168.100.75: Destination host unreachable.

Ping statistics for 192.168.100.100:
    Packets: Sent = 1, Received = 1, Lost = 0 (0% loss),

Pinging 192.168.100.100 with 32 bytes of data:
Reply from 192.168.100.75: Destination host unreachable.

Ping statistics for 192.168.100.100:
    Packets: Sent = 1, Received = 1, Lost = 0 (0% loss),

Pinging 192.168.100.100 with 32 bytes of data:
Reply from 192.168.100.75: Destination host unreachable.

Ping statistics for 192.168.100.100:
    Packets: Sent = 1, Received = 1, Lost = 0 (0% loss),

Pinging 192.168.100.100 with 32 bytes of data:
Reply from 192.168.100.75: Destination host unreachable.

Ping statistics for 192.168.100.100:
    Packets: Sent = 1, Received = 1, Lost = 0 (0% loss),

Pinging 192.168.100.100 with 32 bytes of data:
Reply from 192.168.100.75: Destination host unreachable.

Ping statistics for 192.168.100.100:
    Packets: Sent = 1, Received = 1, Lost = 0 (0% loss),

Pinging 192.168.100.100 with 32 bytes of data:
Reply from 192.168.100.100: bytes=32 time=1946ms TTL=64

Ping statistics for 192.168.100.100:
    Packets: Sent = 1, Received = 1, Lost = 0 (0% loss),
Approximate round trip times in milli-seconds:
    Minimum = 1946ms, Maximum = 1946ms, Average = 1946ms

Pinging 192.168.100.100 with 32 bytes of data:
Reply from 192.168.100.100: bytes=32 time<1ms TTL=64

Ping statistics for 192.168.100.100:
    Packets: Sent = 1, Received = 1, Lost = 0 (0% loss),
Approximate round trip times in milli-seconds:
    Minimum = 0ms, Maximum = 0ms, Average = 0ms

Pinging 192.168.100.100 with 32 bytes of data:
Reply from 192.168.100.100: bytes=32 time<1ms TTL=64

Ping statistics for 192.168.100.100:
    Packets: Sent = 1, Received = 1, Lost = 0 (0% loss),
Approximate round trip times in milli-seconds:
    Minimum = 0ms, Maximum = 0ms, Average = 0ms
wifi down
OK
OK
device: wifi0 vifs: cfg023579
device: wifi1 vifs: cfg043579
device: wifi2 vifs: cfg063579
uci set network.wlan5=interface
uci set network.wlan5.type=bridge
uci set network.wlan5.proto=static
uci set network.wlan5.ipaddr=192.168.90.100
uci set network.wlan5.netmask=255.255.255.0
uci set network.wlan5.force_link=1
uci set network.wlan2=interface
uci set network.wlan2.type=bridge
uci set network.wlan2.proto=static
uci set network.wlan2.ipaddr=192.168.80.100
uci set network.wlan2.netmask=255.255.255.0
uci set network.wlan2.force_link=1
uci set network.wlan6=interface
uci set network.wlan6.type=bridge
uci set network.wlan6.proto=static
uci set network.wlan6.ipaddr=192.168.70.100
uci set network.wlan6.netmask=255.255.255.0
uci set network.wlan6.force_link=1
uci set wireless.@wifi-iface[0].network=wlan5
uci set wireless.@wifi-iface[1].network=wlan2
uci set wireless.@wifi-iface[2].network=wlan6
wifi
OK
device: wifi0 vifs: cfg023579
device: wifi1 vifs: cfg043579
device: wifi2 vifs: cfg063579
Enable ol_stats by default for Lithium platforms
Enable ol_stats by default for Lithium platforms
OK
Enable ol_stats by default for Lithium platforms
Enable ol_stats by default for Lithium platforms
OK
Enable ol_stats by default for Lithium platforms
Enable ol_stats by default for Lithium platforms
OK
device: wifi0 vifs: cfg023579
device: wifi1 vifs: cfg043579
device: wifi2 vifs: cfg063579
__get_sta_count
iwpriv ath0 get_sta_count | awk -F":" '{print $2}'
0  
iwpriv ath0 get_sta_count | awk -F":" '{print $2}'
0  
iwpriv ath0 get_sta_count | awk -F":" '{print $2}'
0  
iwpriv ath0 get_sta_count | awk -F":" '{print $2}'
0  
iwpriv ath0 get_sta_count | awk -F":" '{print $2}'
0  
iwpriv ath0 get_sta_count | awk -F":" '{print $2}'
0  
iwpriv ath0 get_sta_count | awk -F":" '{print $2}'
0  
iwpriv ath0 get_sta_count | awk -F":" '{print $2}'
0  
iwpriv ath0 get_sta_count | awk -F":" '{print $2}'
0  
iwpriv ath0 get_sta_count | awk -F":" '{print $2}'
0  
iwpriv ath0 get_sta_count | awk -F":" '{print $2}'
0  
iwpriv ath0 get_sta_count | awk -F":" '{print $2}'
0  
iwpriv ath0 get_sta_count | awk -F":" '{print $2}'
0  
iwpriv ath0 get_sta_count | awk -F":" '{print $2}'
0  
iwpriv ath0 get_sta_count | awk -F":" '{print $2}'
0  
iwpriv ath0 get_sta_count | awk -F":" '{print $2}'
0  
iwpriv ath0 get_sta_count | awk -F":" '{print $2}'
0  
iwpriv ath0 get_sta_count | awk -F":" '{print $2}'
0  
iwpriv ath0 get_sta_count | awk -F":" '{print $2}'
0  
iwpriv ath0 get_sta_count | awk -F":" '{print $2}'
0  
iwpriv ath0 get_sta_count | awk -F":" '{print $2}'
0  
iwpriv ath0 get_sta_count | awk -F":" '{print $2}'
0  
iwpriv ath0 get_sta_count | awk -F":" '{print $2}'
0  
iwpriv ath0 get_sta_count | awk -F":" '{print $2}'
0  
iwpriv ath0 get_sta_count | awk -F":" '{print $2}'
0  
iwpriv ath0 get_sta_count | awk -F":" '{print $2}'
0  
iwpriv ath0 get_sta_count | awk -F":" '{print $2}'
0  
iwpriv ath0 get_sta_count | awk -F":" '{print $2}'
0  
iwpriv ath0 get_sta_count | awk -F":" '{print $2}'
0  
iwpriv ath0 get_sta_count | awk -F":" '{print $2}'
0  
iwpriv ath0 get_sta_count | awk -F":" '{print $2}'
0  
iwpriv ath0 get_sta_count | awk -F":" '{print $2}'
0  
iwpriv ath0 get_sta_count | awk -F":" '{print $2}'
0  
iwpriv ath0 get_sta_count | awk -F":" '{print $2}'
0  
iwpriv ath0 get_sta_count | awk -F":" '{print $2}'
0  
iwpriv ath0 get_sta_count | awk -F":" '{print $2}'
0  
iwpriv ath0 get_sta_count | awk -F":" '{print $2}'
0  
iwpriv ath0 get_sta_count | awk -F":" '{print $2}'
0  
iwpriv ath0 get_sta_count | awk -F":" '{print $2}'
0  
iwpriv ath0 get_sta_count | awk -F":" '{print $2}'
0  
iwpriv ath0 get_sta_count | awk -F":" '{print $2}'
0  
iwpriv ath0 get_sta_count | awk -F":" '{print $2}'
0  
iwpriv ath0 get_sta_count | awk -F":" '{print $2}'
0  
iwpriv ath0 get_sta_count | awk -F":" '{print $2}'
0  
iwpriv ath0 get_sta_count | awk -F":" '{print $2}'
0  
iwpriv ath0 get_sta_count | awk -F":" '{print $2}'
0  
iwpriv ath0 get_sta_count | awk -F":" '{print $2}'
0  
iwpriv ath0 get_sta_count | awk -F":" '{print $2}'
0  
iwpriv ath0 get_sta_count | awk -F":" '{print $2}'
0  
iwpriv ath0 get_sta_count | awk -F":" '{print $2}'
0  
iwpriv ath0 get_sta_count | awk -F":" '{print $2}'
0  
iwpriv ath0 get_sta_count | awk -F":" '{print $2}'
0  
iwpriv ath0 get_sta_count | awk -F":" '{print $2}'
0  
iwpriv ath0 get_sta_count | awk -F":" '{print $2}'
0  
iwpriv ath0 get_sta_count | awk -F":" '{print $2}'
0  
iwpriv ath0 get_sta_count | awk -F":" '{print $2}'
0  
iwpriv ath0 get_sta_count | awk -F":" '{print $2}'
0  
iwpriv ath0 get_sta_count | awk -F":" '{print $2}'
0  
iwpriv ath0 get_sta_count | awk -F":" '{print $2}'
0  
iwpriv ath0 get_sta_count | awk -F":" '{print $2}'
0  
iwpriv ath0 get_sta_count | awk -F":" '{print $2}'
0  
iwpriv ath0 get_sta_count | awk -F":" '{print $2}'
0  
iwpriv ath0 get_sta_count | awk -F":" '{print $2}'
1  
__check_dp
ping 192.168.90.90 -c 1
PING 192.168.90.90 (192.168.90.90): 56 data bytes
64 bytes from 192.168.90.90: seq=0 ttl=64 time=6.974 ms

--- 192.168.90.90 ping statistics ---
1 packets transmitted, 1 packets received, 0% packet loss
round-trip min/avg/max = 6.974/6.974/6.974 ms
__do_tput
ssh -y root@192.168.90.90 "killall iperf"
ssh -y -f root@192.168.90.90 "iperf -u -s > /tmp/iperf_s &"
iperf -u -c 192.168.90.90 -b 1000M -t 5 -i 1 -P5
ssh -y root@192.168.90.90 "cat /tmp/iperf_s"
------------------------------------------------------------
Server listening on UDP port 5001
Receiving 1470 byte datagrams
UDP buffer size:  160 KByte (default)
------------------------------------------------------------
[  3] local 192.168.90.90 port 5001 connected with 192.168.90.100 port 53957
[  4] local 192.168.90.90 port 5001 connected with 192.168.90.100 port 59493
[  5] local 192.168.90.90 port 5001 connected with 192.168.90.100 port 34615
[  6] local 192.168.90.90 port 5001 connected with 192.168.90.100 port 43431
[  8] local 192.168.90.90 port 5001 connected with 192.168.90.100 port 56423
[ ID] Interval       Transfer     Bandwidth        Jitter   Lost/Total Datagrams
[  3]  0.0- 5.0 sec  58.1 MBytes  97.4 Mbits/sec   0.069 ms    3/41423 (0.0072%)
[  3]  0.0- 5.0 sec  1 datagrams received out-of-order
[  4]  0.0- 5.0 sec  59.1 MBytes  99.0 Mbits/sec   0.742 ms    1/42136 (0.0024%)
[  4]  0.0- 5.0 sec  1 datagrams received out-of-order
[  5]  0.0- 5.0 sec  59.4 MBytes  99.6 Mbits/sec   0.568 ms    6/42388 (0.014%)
[  5]  0.0- 5.0 sec  1 datagrams received out-of-order
[  6]  0.0- 5.0 sec  58.4 MBytes  97.9 Mbits/sec   0.735 ms    1/41646 (0.0024%)
[  6]  0.0- 5.0 sec  1 datagrams received out-of-order
[  8]  0.0- 5.0 sec  59.6 MBytes  99.9 Mbits/sec   0.043 ms    0/42508 (0%)
[  8]  0.0- 5.0 sec  1 datagrams received out-of-order
[SUM]  0.0- 5.0 sec   295 MBytes   494 Mbits/sec
ssh -y root@192.168.90.90 "cat /tmp/iperf_s" > /tmp/iperf_s
ssh -y root@192.168.90.90 "echo -e " " > /tmp/iperf_s"
ssh -y root@192.168.90.90 "killall iperf"
__get_rssi
lanner-prod wifi rssi_detect -i wifi0 -t 1
start to detect 1 times ...
result:
J16 max rssi=-17, min rssi=-17
J17 max rssi=-18, min rssi=-18
J18 max rssi=-18, min rssi=-18
J19 max rssi=-19, min rssi=-19
__get_debug_log
cat /tmp/wifi_rssi.txt
# rssi data
rssi_comb = 85
rssi_in_dbm = -11
rx_per_chain_rssi_in_dbm[4] =  0:-17, 1:0, 2:0, 3:0, 
rx_per_chain_rssi_in_dbm[5] =  0:-18, 1:0, 2:0, 3:0, 
rx_per_chain_rssi_in_dbm[6] =  0:-18, 1:0, 2:0, 3:0, 
rx_per_chain_rssi_in_dbm[7] =  0:-19, 1:0, 2:0, 3:0, 
__get_rxRate
wlanconfig ath0 list | sed -n 2p | awk '{print $5}'
573M
__get_sta_count
iwpriv ath2 get_sta_count | awk -F":" '{print $2}'
0  
iwpriv ath2 get_sta_count | awk -F":" '{print $2}'
0  
iwpriv ath2 get_sta_count | awk -F":" '{print $2}'
0  
iwpriv ath2 get_sta_count | awk -F":" '{print $2}'
0  
iwpriv ath2 get_sta_count | awk -F":" '{print $2}'
0  
iwpriv ath2 get_sta_count | awk -F":" '{print $2}'
0  
iwpriv ath2 get_sta_count | awk -F":" '{print $2}'
0  
iwpriv ath2 get_sta_count | awk -F":" '{print $2}'
0  
iwpriv ath2 get_sta_count | awk -F":" '{print $2}'
0  
iwpriv ath2 get_sta_count | awk -F":" '{print $2}'
0  
iwpriv ath2 get_sta_count | awk -F":" '{print $2}'
0  
iwpriv ath2 get_sta_count | awk -F":" '{print $2}'
0  
iwpriv ath2 get_sta_count | awk -F":" '{print $2}'
0  
iwpriv ath2 get_sta_count | awk -F":" '{print $2}'
0  
iwpriv ath2 get_sta_count | awk -F":" '{print $2}'
0  
iwpriv ath2 get_sta_count | awk -F":" '{print $2}'
0  
iwpriv ath2 get_sta_count | awk -F":" '{print $2}'
0  
iwpriv ath2 get_sta_count | awk -F":" '{print $2}'
0  
iwpriv ath2 get_sta_count | awk -F":" '{print $2}'
0  
iwpriv ath2 get_sta_count | awk -F":" '{print $2}'
0  
iwpriv ath2 get_sta_count | awk -F":" '{print $2}'
0  
iwpriv ath2 get_sta_count | awk -F":" '{print $2}'
0  
iwpriv ath2 get_sta_count | awk -F":" '{print $2}'
0  
iwpriv ath2 get_sta_count | awk -F":" '{print $2}'
0  
iwpriv ath2 get_sta_count | awk -F":" '{print $2}'
0  
iwpriv ath2 get_sta_count | awk -F":" '{print $2}'
0  
iwpriv ath2 get_sta_count | awk -F":" '{print $2}'
0  
iwpriv ath2 get_sta_count | awk -F":" '{print $2}'
0  
iwpriv ath2 get_sta_count | awk -F":" '{print $2}'
0  
iwpriv ath2 get_sta_count | awk -F":" '{print $2}'
0  
iwpriv ath2 get_sta_count | awk -F":" '{print $2}'
0  
iwpriv ath2 get_sta_count | awk -F":" '{print $2}'
0  
iwpriv ath2 get_sta_count | awk -F":" '{print $2}'
0  
iwpriv ath2 get_sta_count | awk -F":" '{print $2}'
0  
iwpriv ath2 get_sta_count | awk -F":" '{print $2}'
0  
iwpriv ath2 get_sta_count | awk -F":" '{print $2}'
0  
iwpriv ath2 get_sta_count | awk -F":" '{print $2}'
0  
iwpriv ath2 get_sta_count | awk -F":" '{print $2}'
0  
iwpriv ath2 get_sta_count | awk -F":" '{print $2}'
0  
iwpriv ath2 get_sta_count | awk -F":" '{print $2}'
0  
iwpriv ath2 get_sta_count | awk -F":" '{print $2}'
0  
iwpriv ath2 get_sta_count | awk -F":" '{print $2}'
0  
iwpriv ath2 get_sta_count | awk -F":" '{print $2}'
0  
iwpriv ath2 get_sta_count | awk -F":" '{print $2}'
0  
iwpriv ath2 get_sta_count | awk -F":" '{print $2}'
0  
iwpriv ath2 get_sta_count | awk -F":" '{print $2}'
0  
iwpriv ath2 get_sta_count | awk -F":" '{print $2}'
0  
iwpriv ath2 get_sta_count | awk -F":" '{print $2}'
0  
iwpriv ath2 get_sta_count | awk -F":" '{print $2}'
0  
iwpriv ath2 get_sta_count | awk -F":" '{print $2}'
0  
iwpriv ath2 get_sta_count | awk -F":" '{print $2}'
0  
iwpriv ath2 get_sta_count | awk -F":" '{print $2}'
0  
iwpriv ath2 get_sta_count | awk -F":" '{print $2}'
0  
iwpriv ath2 get_sta_count | awk -F":" '{print $2}'
0  
iwpriv ath2 get_sta_count | awk -F":" '{print $2}'
0  
iwpriv ath2 get_sta_count | awk -F":" '{print $2}'
0  
iwpriv ath2 get_sta_count | awk -F":" '{print $2}'
0  
iwpriv ath2 get_sta_count | awk -F":" '{print $2}'
0  
iwpriv ath2 get_sta_count | awk -F":" '{print $2}'
0  
iwpriv ath2 get_sta_count | awk -F":" '{print $2}'
0  
iwpriv ath2 get_sta_count | awk -F":" '{print $2}'
0  
iwpriv ath2 get_sta_count | awk -F":" '{print $2}'
0  
iwpriv ath2 get_sta_count | awk -F":" '{print $2}'
0  
iwpriv ath2 get_sta_count | awk -F":" '{print $2}'
0  
iwpriv ath2 get_sta_count | awk -F":" '{print $2}'
0  
iwpriv ath2 get_sta_count | awk -F":" '{print $2}'
0  
iwpriv ath2 get_sta_count | awk -F":" '{print $2}'
0  
iwpriv ath2 get_sta_count | awk -F":" '{print $2}'
0  
iwpriv ath2 get_sta_count | awk -F":" '{print $2}'
0  
iwpriv ath2 get_sta_count | awk -F":" '{print $2}'
0  
iwpriv ath2 get_sta_count | awk -F":" '{print $2}'
0  
iwpriv ath2 get_sta_count | awk -F":" '{print $2}'
0  
iwpriv ath2 get_sta_count | awk -F":" '{print $2}'
0  
iwpriv ath2 get_sta_count | awk -F":" '{print $2}'
0  
iwpriv ath2 get_sta_count | awk -F":" '{print $2}'
0  
iwpriv ath2 get_sta_count | awk -F":" '{print $2}'
0  
iwpriv ath2 get_sta_count | awk -F":" '{print $2}'
0  
iwpriv ath2 get_sta_count | awk -F":" '{print $2}'
0  
iwpriv ath2 get_sta_count | awk -F":" '{print $2}'
0  
iwpriv ath2 get_sta_count | awk -F":" '{print $2}'
0  
iwpriv ath2 get_sta_count | awk -F":" '{print $2}'
0  
iwpriv ath2 get_sta_count | awk -F":" '{print $2}'
0  
iwpriv ath2 get_sta_count | awk -F":" '{print $2}'
0  
iwpriv ath2 get_sta_count | awk -F":" '{print $2}'
0  
iwpriv ath2 get_sta_count | awk -F":" '{print $2}'
0  
iwpriv ath2 get_sta_count | awk -F":" '{print $2}'
0  
iwpriv ath2 get_sta_count | awk -F":" '{print $2}'
0  
iwpriv ath2 get_sta_count | awk -F":" '{print $2}'
0  
iwpriv ath2 get_sta_count | awk -F":" '{print $2}'
0  
iwpriv ath2 get_sta_count | awk -F":" '{print $2}'
0  
iwpriv ath2 get_sta_count | awk -F":" '{print $2}'
0  
iwpriv ath2 get_sta_count | awk -F":" '{print $2}'
0  
iwpriv ath2 get_sta_count | awk -F":" '{print $2}'
0  
iwpriv ath2 get_sta_count | awk -F":" '{print $2}'
0  
iwpriv ath2 get_sta_count | awk -F":" '{print $2}'
0  
iwpriv ath2 get_sta_count | awk -F":" '{print $2}'
0  
iwpriv ath2 get_sta_count | awk -F":" '{print $2}'
0  
iwpriv ath2 get_sta_count | awk -F":" '{print $2}'
0  
iwpriv ath2 get_sta_count | awk -F":" '{print $2}'
0  
iwpriv ath2 get_sta_count | awk -F":" '{print $2}'
0  
iwpriv ath2 get_sta_count | awk -F":" '{print $2}'
0  
iwpriv ath2 get_sta_count | awk -F":" '{print $2}'
0  
iwpriv ath2 get_sta_count | awk -F":" '{print $2}'
0  
iwpriv ath2 get_sta_count | awk -F":" '{print $2}'
0  
iwpriv ath2 get_sta_count | awk -F":" '{print $2}'
0  
iwpriv ath2 get_sta_count | awk -F":" '{print $2}'
0  
iwpriv ath2 get_sta_count | awk -F":" '{print $2}'
0  
iwpriv ath2 get_sta_count | awk -F":" '{print $2}'
0  
iwpriv ath2 get_sta_count | awk -F":" '{print $2}'
0  
iwpriv ath2 get_sta_count | awk -F":" '{print $2}'
0  
iwpriv ath2 get_sta_count | awk -F":" '{print $2}'
0  
iwpriv ath2 get_sta_count | awk -F":" '{print $2}'
0  
iwpriv ath2 get_sta_count | awk -F":" '{print $2}'
0  
iwpriv ath2 get_sta_count | awk -F":" '{print $2}'
0  
iwpriv ath2 get_sta_count | awk -F":" '{print $2}'
0  
iwpriv ath2 get_sta_count | awk -F":" '{print $2}'
0  
iwpriv ath2 get_sta_count | awk -F":" '{print $2}'
0  
iwpriv ath2 get_sta_count | awk -F":" '{print $2}'
0  
iwpriv ath2 get_sta_count | awk -F":" '{print $2}'
0  
iwpriv ath2 get_sta_count | awk -F":" '{print $2}'
0  
iwpriv ath2 get_sta_count | awk -F":" '{print $2}'
0  
iwpriv ath2 get_sta_count | awk -F":" '{print $2}'
0  
iwpriv ath2 get_sta_count | awk -F":" '{print $2}'
0  
iwpriv ath2 get_sta_count | awk -F":" '{print $2}'
0  
iwpriv ath2 get_sta_count | awk -F":" '{print $2}'
0  
iwpriv ath2 get_sta_count | awk -F":" '{print $2}'
0  
iwpriv ath2 get_sta_count | awk -F":" '{print $2}'
0  
iwpriv ath2 get_sta_count | awk -F":" '{print $2}'
0  
iwpriv ath2 get_sta_count | awk -F":" '{print $2}'
0  
iwpriv ath2 get_sta_count | awk -F":" '{print $2}'
0  
iwpriv ath2 get_sta_count | awk -F":" '{print $2}'
0  
iwpriv ath2 get_sta_count | awk -F":" '{print $2}'
0  
iwpriv ath2 get_sta_count | awk -F":" '{print $2}'
0  
iwpriv ath2 get_sta_count | awk -F":" '{print $2}'
0  
iwpriv ath2 get_sta_count | awk -F":" '{print $2}'
0  
iwpriv ath2 get_sta_count | awk -F":" '{print $2}'
0  
iwpriv ath2 get_sta_count | awk -F":" '{print $2}'
0  
iwpriv ath2 get_sta_count | awk -F":" '{print $2}'
0  
iwpriv ath2 get_sta_count | awk -F":" '{print $2}'
0  
iwpriv ath2 get_sta_count | awk -F":" '{print $2}'
0  
iwpriv ath2 get_sta_count | awk -F":" '{print $2}'
0  
iwpriv ath2 get_sta_count | awk -F":" '{print $2}'
0  
iwpriv ath2 get_sta_count | awk -F":" '{print $2}'
0  
iwpriv ath2 get_sta_count | awk -F":" '{print $2}'
0  
iwpriv ath2 get_sta_count | awk -F":" '{print $2}'
0  
iwpriv ath2 get_sta_count | awk -F":" '{print $2}'
0  
iwpriv ath2 get_sta_count | awk -F":" '{print $2}'
0  
iwpriv ath2 get_sta_count | awk -F":" '{print $2}'
0  
iwpriv ath2 get_sta_count | awk -F":" '{print $2}'
0  
iwpriv ath2 get_sta_count | awk -F":" '{print $2}'
0  
iwpriv ath2 get_sta_count | awk -F":" '{print $2}'
0  
iwpriv ath2 get_sta_count | awk -F":" '{print $2}'
0  
iwpriv ath2 get_sta_count | awk -F":" '{print $2}'
0  
iwpriv ath2 get_sta_count | awk -F":" '{print $2}'
0  
iwpriv ath2 get_sta_count | awk -F":" '{print $2}'
0  
iwpriv ath2 get_sta_count | awk -F":" '{print $2}'
0  
iwpriv ath2 get_sta_count | awk -F":" '{print $2}'
0  
iwpriv ath2 get_sta_count | awk -F":" '{print $2}'
0  
iwpriv ath2 get_sta_count | awk -F":" '{print $2}'
0  
iwpriv ath2 get_sta_count | awk -F":" '{print $2}'
0  
iwpriv ath2 get_sta_count | awk -F":" '{print $2}'
0  
iwpriv ath2 get_sta_count | awk -F":" '{print $2}'
0  
iwpriv ath2 get_sta_count | awk -F":" '{print $2}'
0  
iwpriv ath2 get_sta_count | awk -F":" '{print $2}'
0  
iwpriv ath2 get_sta_count | awk -F":" '{print $2}'
0  
iwpriv ath2 get_sta_count | awk -F":" '{print $2}'
0  
iwpriv ath2 get_sta_count | awk -F":" '{print $2}'
0  
iwpriv ath2 get_sta_count | awk -F":" '{print $2}'
0  
iwpriv ath2 get_sta_count | awk -F":" '{print $2}'
0  
iwpriv ath2 get_sta_count | awk -F":" '{print $2}'
0  
iwpriv ath2 get_sta_count | awk -F":" '{print $2}'
0  
iwpriv ath2 get_sta_count | awk -F":" '{print $2}'
1  
__check_dp
ping 192.168.70.90 -c 1
PING 192.168.70.90 (192.168.70.90): 56 data bytes
64 bytes from 192.168.70.90: seq=0 ttl=64 time=1000.021 ms

--- 192.168.70.90 ping statistics ---
1 packets transmitted, 1 packets received, 0% packet loss
round-trip min/avg/max = 1000.021/1000.021/1000.021 ms
__do_tput
ssh -y root@192.168.70.90 "killall iperf"
ssh -y -f root@192.168.70.90 "iperf -u -s > /tmp/iperf_s &"
iperf -u -c 192.168.70.90 -b 1000M -t 5 -i 1 -P5
ssh -y root@192.168.70.90 "cat /tmp/iperf_s"
------------------------------------------------------------
Server listening on UDP port 5001
Receiving 1470 byte datagrams
UDP buffer size:  160 KByte (default)
------------------------------------------------------------
[  3] local 192.168.70.90 port 5001 connected with 192.168.70.100 port 35013
[  4] local 192.168.70.90 port 5001 connected with 192.168.70.100 port 49506
[  5] local 192.168.70.90 port 5001 connected with 192.168.70.100 port 37973
[  6] local 192.168.70.90 port 5001 connected with 192.168.70.100 port 56210
[  8] local 192.168.70.90 port 5001 connected with 192.168.70.100 port 44123
[ ID] Interval       Transfer     Bandwidth        Jitter   Lost/Total Datagrams
[  3]  0.0- 5.0 sec  54.2 MBytes  90.9 Mbits/sec   0.650 ms    0/38652 (0%)
[  3]  0.0- 5.0 sec  1 datagrams received out-of-order
[  4]  0.0- 5.0 sec  54.8 MBytes  91.9 Mbits/sec   0.790 ms    1/39105 (0.0026%)
[  4]  0.0- 5.0 sec  1 datagrams received out-of-order
[  5]  0.0- 5.0 sec  54.3 MBytes  91.1 Mbits/sec   0.732 ms    0/38720 (0%)
[  5]  0.0- 5.0 sec  23 datagrams received out-of-order
[  6]  0.0- 5.0 sec  54.5 MBytes  91.3 Mbits/sec   0.562 ms    1/38861 (0.0026%)
[  6]  0.0- 5.0 sec  1 datagrams received out-of-order
[  8]  0.0- 5.0 sec  54.2 MBytes  90.8 Mbits/sec   0.706 ms   86/38777 (0.22%)
[  8]  0.0- 5.0 sec  1 datagrams received out-of-order
[SUM]  0.0- 5.0 sec   272 MBytes   456 Mbits/sec
ssh -y root@192.168.70.90 "cat /tmp/iperf_s" > /tmp/iperf_s
ssh -y root@192.168.70.90 "echo -e " " > /tmp/iperf_s"
ssh -y root@192.168.70.90 "killall iperf"
__get_rssi
lanner-prod wifi rssi_detect -i wifi2 -t 1
start to detect 1 times ...
result:
J24 max rssi=-31, min rssi=-31
J25 max rssi=-21, min rssi=-21
J26 max rssi=-29, min rssi=-29
J27 max rssi=-27, min rssi=-27
__get_debug_log
cat /tmp/wifi_rssi.txt
# rssi data
rssi_comb = 75
rssi_in_dbm = -19
rx_per_chain_rssi_in_dbm[0] =  0:-31, 1:-53, 2:-48, 3:-59, 
rx_per_chain_rssi_in_dbm[1] =  0:-21, 1:-46, 2:-42, 3:-50, 
rx_per_chain_rssi_in_dbm[2] =  0:-29, 1:-55, 2:-50, 3:-59, 
rx_per_chain_rssi_in_dbm[3] =  0:-27, 1:-50, 2:-44, 3:-54, 
__get_rxRate
wlanconfig ath2 list | sed -n 2p | awk '{print $5}'
688M
__get_sta_count
iwpriv ath1 get_sta_count | awk -F":" '{print $2}'
1  
__check_dp
ping 192.168.80.90 -c 1
PING 192.168.80.90 (192.168.80.90): 56 data bytes
64 bytes from 192.168.80.90: seq=0 ttl=64 time=9.372 ms

--- 192.168.80.90 ping statistics ---
1 packets transmitted, 1 packets received, 0% packet loss
round-trip min/avg/max = 9.372/9.372/9.372 ms
__do_tput
ssh -y root@192.168.80.90 "killall iperf"
ssh -y -f root@192.168.80.90 "iperf -u -s > /tmp/iperf_s &"
iperf -u -c 192.168.80.90 -b 1000M -t 5 -i 1 -P5
ssh -y root@192.168.80.90 "cat /tmp/iperf_s"
------------------------------------------------------------
Server listening on UDP port 5001
Receiving 1470 byte datagrams
UDP buffer size:  160 KByte (default)
------------------------------------------------------------
[  3] local 192.168.80.90 port 5001 connected with 192.168.80.100 port 49822
[  4] local 192.168.80.90 port 5001 connected with 192.168.80.100 port 50447
[  5] local 192.168.80.90 port 5001 connected with 192.168.80.100 port 45918
[  6] local 192.168.80.90 port 5001 connected with 192.168.80.100 port 59224
[  8] local 192.168.80.90 port 5001 connected with 192.168.80.100 port 37044
[ ID] Interval       Transfer     Bandwidth        Jitter   Lost/Total Datagrams
[  3]  0.0- 5.0 sec  54.7 MBytes  91.8 Mbits/sec   0.716 ms    0/39042 (0%)
[  3]  0.0- 5.0 sec  1 datagrams received out-of-order
[  5]  0.0- 5.0 sec  54.8 MBytes  91.8 Mbits/sec   0.778 ms    0/39079 (0%)
[  5]  0.0- 5.0 sec  2 datagrams received out-of-order
[  6]  0.0- 5.0 sec  55.4 MBytes  92.8 Mbits/sec   0.855 ms   16/39526 (0.04%)
[  6]  0.0- 5.0 sec  1 datagrams received out-of-order
[  8]  0.0- 5.0 sec  55.5 MBytes  93.0 Mbits/sec   0.800 ms    1/39616 (0.0025%)
[  8]  0.0- 5.0 sec  1 datagrams received out-of-order
[  4]  0.0- 5.0 sec  56.1 MBytes  93.8 Mbits/sec   0.484 ms    1/39991 (0.0025%)
[  4]  0.0- 5.0 sec  1 datagrams received out-of-order
[SUM]  0.0- 5.0 sec   277 MBytes   463 Mbits/sec
ssh -y root@192.168.80.90 "cat /tmp/iperf_s" > /tmp/iperf_s
ssh -y root@192.168.80.90 "echo -e " " > /tmp/iperf_s"
ssh -y root@192.168.80.90 "killall iperf"
__get_rssi
lanner-prod wifi rssi_detect -i wifi1 -t 1
start to detect 1 times ...
result:
J20 max rssi=0, min rssi=0
J21 max rssi=-17, min rssi=-17
J22 max rssi=-20, min rssi=-20
J23 max rssi=-16, min rssi=-16
__get_debug_log
cat /tmp/wifi_rssi.txt
# rssi data
rssi_comb = 85
rssi_in_dbm = -11
rx_per_chain_rssi_in_dbm[0] =  0:0, 1:0, 2:0, 3:0, 
rx_per_chain_rssi_in_dbm[1] =  0:-17, 1:0, 2:0, 3:0, 
rx_per_chain_rssi_in_dbm[2] =  0:-20, 1:0, 2:0, 3:0, 
rx_per_chain_rssi_in_dbm[3] =  0:-16, 1:0, 2:0, 3:0, 
__get_rxRate
wlanconfig ath1 list | sed -n 2p | awk '{print $5}'
573M
__get_tput
cat /tmp/iperf_s | grep SUM
[SUM]  0.0- 5.0 sec   277 MBytes   463 Mbits/sec
wifi down
OK
OK
OK
device: wifi0 vifs: cfg023579
device: wifi1 vifs: cfg043579
device: wifi2 vifs: cfg063579
__do_reboot
reboot
Total Test Time: 97s
