
Pinging 192.168.100.100 with 32 bytes of data:
Reply from 192.168.100.75: Destination host unreachable.

Ping statistics for 192.168.100.100:
    Packets: Sent = 1, Received = 1, Lost = 0 (0% loss),

Pinging 192.168.100.100 with 32 bytes of data:
Reply from 192.168.100.75: Destination host unreachable.

Ping statistics for 192.168.100.100:
    Packets: Sent = 1, Received = 1, Lost = 0 (0% loss),

Pinging 192.168.100.100 with 32 bytes of data:
Reply from 192.168.100.75: Destination host unreachable.

Ping statistics for 192.168.100.100:
    Packets: Sent = 1, Received = 1, Lost = 0 (0% loss),

Pinging 192.168.100.100 with 32 bytes of data:
Reply from 192.168.100.75: Destination host unreachable.

Ping statistics for 192.168.100.100:
    Packets: Sent = 1, Received = 1, Lost = 0 (0% loss),

Pinging 192.168.100.100 with 32 bytes of data:
Reply from 192.168.100.75: Destination host unreachable.

Ping statistics for 192.168.100.100:
    Packets: Sent = 1, Received = 1, Lost = 0 (0% loss),

Pinging 192.168.100.100 with 32 bytes of data:
Reply from 192.168.100.75: Destination host unreachable.

Ping statistics for 192.168.100.100:
    Packets: Sent = 1, Received = 1, Lost = 0 (0% loss),

Pinging 192.168.100.100 with 32 bytes of data:
Reply from 192.168.100.75: Destination host unreachable.

Ping statistics for 192.168.100.100:
    Packets: Sent = 1, Received = 1, Lost = 0 (0% loss),

Pinging 192.168.100.100 with 32 bytes of data:
Reply from 192.168.100.75: Destination host unreachable.

Ping statistics for 192.168.100.100:
    Packets: Sent = 1, Received = 1, Lost = 0 (0% loss),

Pinging 192.168.100.100 with 32 bytes of data:
Reply from 192.168.100.75: Destination host unreachable.

Ping statistics for 192.168.100.100:
    Packets: Sent = 1, Received = 1, Lost = 0 (0% loss),

Pinging 192.168.100.100 with 32 bytes of data:
Reply from 192.168.100.75: Destination host unreachable.

Ping statistics for 192.168.100.100:
    Packets: Sent = 1, Received = 1, Lost = 0 (0% loss),

Pinging 192.168.100.100 with 32 bytes of data:
Reply from 192.168.100.75: Destination host unreachable.

Ping statistics for 192.168.100.100:
    Packets: Sent = 1, Received = 1, Lost = 0 (0% loss),

Pinging 192.168.100.100 with 32 bytes of data:
Reply from 192.168.100.75: Destination host unreachable.

Ping statistics for 192.168.100.100:
    Packets: Sent = 1, Received = 1, Lost = 0 (0% loss),

Pinging 192.168.100.100 with 32 bytes of data:
Reply from 192.168.100.75: Destination host unreachable.

Ping statistics for 192.168.100.100:
    Packets: Sent = 1, Received = 1, Lost = 0 (0% loss),

Pinging 192.168.100.100 with 32 bytes of data:
Reply from 192.168.100.75: Destination host unreachable.

Ping statistics for 192.168.100.100:
    Packets: Sent = 1, Received = 1, Lost = 0 (0% loss),

Pinging 192.168.100.100 with 32 bytes of data:
Reply from 192.168.100.75: Destination host unreachable.

Ping statistics for 192.168.100.100:
    Packets: Sent = 1, Received = 1, Lost = 0 (0% loss),

Pinging 192.168.100.100 with 32 bytes of data:
Reply from 192.168.100.75: Destination host unreachable.

Ping statistics for 192.168.100.100:
    Packets: Sent = 1, Received = 1, Lost = 0 (0% loss),

Pinging 192.168.100.100 with 32 bytes of data:
Reply from 192.168.100.75: Destination host unreachable.

Ping statistics for 192.168.100.100:
    Packets: Sent = 1, Received = 1, Lost = 0 (0% loss),

Pinging 192.168.100.100 with 32 bytes of data:
Reply from 192.168.100.100: bytes=32 time=1957ms TTL=64

Ping statistics for 192.168.100.100:
    Packets: Sent = 1, Received = 1, Lost = 0 (0% loss),
Approximate round trip times in milli-seconds:
    Minimum = 1957ms, Maximum = 1957ms, Average = 1957ms

Pinging 192.168.100.100 with 32 bytes of data:
Reply from 192.168.100.100: bytes=32 time<1ms TTL=64

Ping statistics for 192.168.100.100:
    Packets: Sent = 1, Received = 1, Lost = 0 (0% loss),
Approximate round trip times in milli-seconds:
    Minimum = 0ms, Maximum = 0ms, Average = 0ms

Pinging 192.168.100.100 with 32 bytes of data:
Reply from 192.168.100.100: bytes=32 time<1ms TTL=64

Ping statistics for 192.168.100.100:
    Packets: Sent = 1, Received = 1, Lost = 0 (0% loss),
Approximate round trip times in milli-seconds:
    Minimum = 0ms, Maximum = 0ms, Average = 0ms
wifi down
OK
OK
device: wifi0 vifs: cfg023579
device: wifi1 vifs: cfg043579
device: wifi2 vifs: cfg063579
uci set network.wlan5=interface
uci set network.wlan5.type=bridge
uci set network.wlan5.proto=static
uci set network.wlan5.ipaddr=192.168.90.100
uci set network.wlan5.netmask=255.255.255.0
uci set network.wlan5.force_link=1
uci set network.wlan2=interface
uci set network.wlan2.type=bridge
uci set network.wlan2.proto=static
uci set network.wlan2.ipaddr=192.168.80.100
uci set network.wlan2.netmask=255.255.255.0
uci set network.wlan2.force_link=1
uci set network.wlan6=interface
uci set network.wlan6.type=bridge
uci set network.wlan6.proto=static
uci set network.wlan6.ipaddr=192.168.70.100
uci set network.wlan6.netmask=255.255.255.0
uci set network.wlan6.force_link=1
uci set wireless.@wifi-iface[0].network=wlan5
uci set wireless.@wifi-iface[1].network=wlan2
uci set wireless.@wifi-iface[2].network=wlan6
wifi
OK
device: wifi0 vifs: cfg023579
device: wifi1 vifs: cfg043579
device: wifi2 vifs: cfg063579
Enable ol_stats by default for Lithium platforms
Enable ol_stats by default for Lithium platforms
OK
Enable ol_stats by default for Lithium platforms
Enable ol_stats by default for Lithium platforms
OK
Enable ol_stats by default for Lithium platforms
Enable ol_stats by default for Lithium platforms
OK
device: wifi0 vifs: cfg023579
device: wifi1 vifs: cfg043579
device: wifi2 vifs: cfg063579
__get_sta_count
iwpriv ath0 get_sta_count | awk -F":" '{print $2}'
0  
iwpriv ath0 get_sta_count | awk -F":" '{print $2}'
0  
iwpriv ath0 get_sta_count | awk -F":" '{print $2}'
0  
iwpriv ath0 get_sta_count | awk -F":" '{print $2}'
0  
iwpriv ath0 get_sta_count | awk -F":" '{print $2}'
0  
iwpriv ath0 get_sta_count | awk -F":" '{print $2}'
0  
iwpriv ath0 get_sta_count | awk -F":" '{print $2}'
0  
iwpriv ath0 get_sta_count | awk -F":" '{print $2}'
0  
iwpriv ath0 get_sta_count | awk -F":" '{print $2}'
0  
iwpriv ath0 get_sta_count | awk -F":" '{print $2}'
0  
iwpriv ath0 get_sta_count | awk -F":" '{print $2}'
0  
iwpriv ath0 get_sta_count | awk -F":" '{print $2}'
0  
iwpriv ath0 get_sta_count | awk -F":" '{print $2}'
0  
iwpriv ath0 get_sta_count | awk -F":" '{print $2}'
0  
iwpriv ath0 get_sta_count | awk -F":" '{print $2}'
0  
iwpriv ath0 get_sta_count | awk -F":" '{print $2}'
0  
iwpriv ath0 get_sta_count | awk -F":" '{print $2}'
0  
iwpriv ath0 get_sta_count | awk -F":" '{print $2}'
0  
iwpriv ath0 get_sta_count | awk -F":" '{print $2}'
0  
iwpriv ath0 get_sta_count | awk -F":" '{print $2}'
0  
iwpriv ath0 get_sta_count | awk -F":" '{print $2}'
0  
iwpriv ath0 get_sta_count | awk -F":" '{print $2}'
0  
iwpriv ath0 get_sta_count | awk -F":" '{print $2}'
0  
iwpriv ath0 get_sta_count | awk -F":" '{print $2}'
0  
iwpriv ath0 get_sta_count | awk -F":" '{print $2}'
0  
iwpriv ath0 get_sta_count | awk -F":" '{print $2}'
0  
iwpriv ath0 get_sta_count | awk -F":" '{print $2}'
0  
iwpriv ath0 get_sta_count | awk -F":" '{print $2}'
0  
iwpriv ath0 get_sta_count | awk -F":" '{print $2}'
0  
iwpriv ath0 get_sta_count | awk -F":" '{print $2}'
0  
iwpriv ath0 get_sta_count | awk -F":" '{print $2}'
0  
iwpriv ath0 get_sta_count | awk -F":" '{print $2}'
0  
iwpriv ath0 get_sta_count | awk -F":" '{print $2}'
0  
iwpriv ath0 get_sta_count | awk -F":" '{print $2}'
0  
iwpriv ath0 get_sta_count | awk -F":" '{print $2}'
0  
iwpriv ath0 get_sta_count | awk -F":" '{print $2}'
0  
iwpriv ath0 get_sta_count | awk -F":" '{print $2}'
0  
iwpriv ath0 get_sta_count | awk -F":" '{print $2}'
0  
iwpriv ath0 get_sta_count | awk -F":" '{print $2}'
0  
iwpriv ath0 get_sta_count | awk -F":" '{print $2}'
0  
iwpriv ath0 get_sta_count | awk -F":" '{print $2}'
0  
iwpriv ath0 get_sta_count | awk -F":" '{print $2}'
0  
iwpriv ath0 get_sta_count | awk -F":" '{print $2}'
0  
iwpriv ath0 get_sta_count | awk -F":" '{print $2}'
0  
iwpriv ath0 get_sta_count | awk -F":" '{print $2}'
0  
iwpriv ath0 get_sta_count | awk -F":" '{print $2}'
0  
iwpriv ath0 get_sta_count | awk -F":" '{print $2}'
0  
iwpriv ath0 get_sta_count | awk -F":" '{print $2}'
0  
iwpriv ath0 get_sta_count | awk -F":" '{print $2}'
0  
iwpriv ath0 get_sta_count | awk -F":" '{print $2}'
0  
iwpriv ath0 get_sta_count | awk -F":" '{print $2}'
1  
__check_dp
ping 192.168.90.90 -c 1
PING 192.168.90.90 (192.168.90.90): 56 data bytes
64 bytes from 192.168.90.90: seq=0 ttl=64 time=6.834 ms

--- 192.168.90.90 ping statistics ---
1 packets transmitted, 1 packets received, 0% packet loss
round-trip min/avg/max = 6.834/6.834/6.834 ms
__do_tput
ssh -y root@192.168.90.90 "killall iperf"
ssh -y -f root@192.168.90.90 "iperf -u -s > /tmp/iperf_s &"
iperf -u -c 192.168.90.90 -b 1000M -t 5 -i 1 -P5
ssh -y root@192.168.90.90 "cat /tmp/iperf_s"
------------------------------------------------------------
Server listening on UDP port 5001
Receiving 1470 byte datagrams
UDP buffer size:  160 KByte (default)
------------------------------------------------------------
[  3] local 192.168.90.90 port 5001 connected with 192.168.90.100 port 37233
[  4] local 192.168.90.90 port 5001 connected with 192.168.90.100 port 39048
[  5] local 192.168.90.90 port 5001 connected with 192.168.90.100 port 45841
[  6] local 192.168.90.90 port 5001 connected with 192.168.90.100 port 36152
[  8] local 192.168.90.90 port 5001 connected with 192.168.90.100 port 43846
[ ID] Interval       Transfer     Bandwidth        Jitter   Lost/Total Datagrams
[  3]  0.0- 5.0 sec  59.0 MBytes  98.9 Mbits/sec   0.490 ms    7/42096 (0.017%)
[  3]  0.0- 5.0 sec  1 datagrams received out-of-order
[  4]  0.0- 5.0 sec  59.1 MBytes  99.1 Mbits/sec   0.077 ms    1/42165 (0.0024%)
[  4]  0.0- 5.0 sec  1 datagrams received out-of-order
[  5]  0.0- 5.0 sec  58.3 MBytes  97.7 Mbits/sec   0.797 ms    0/41559 (0%)
[  5]  0.0- 5.0 sec  1 datagrams received out-of-order
[  8]  0.0- 5.0 sec  59.0 MBytes  98.9 Mbits/sec   0.583 ms    1/42096 (0.0024%)
[  8]  0.0- 5.0 sec  1 datagrams received out-of-order
[  6]  0.0- 5.0 sec  59.1 MBytes  99.0 Mbits/sec   0.799 ms    1/42141 (0.0024%)
[  6]  0.0- 5.0 sec  1 datagrams received out-of-order
[SUM]  0.0- 5.0 sec   294 MBytes   494 Mbits/sec
ssh -y root@192.168.90.90 "cat /tmp/iperf_s" > /tmp/iperf_s
ssh -y root@192.168.90.90 "echo -e " " > /tmp/iperf_s"
ssh -y root@192.168.90.90 "killall iperf"
__get_rssi
lanner-prod wifi rssi_detect -i wifi0 -t 1
start to detect 1 times ...
result:
J16 max rssi=-19, min rssi=-19
J17 max rssi=-18, min rssi=-18
J18 max rssi=-21, min rssi=-21
J19 max rssi=-18, min rssi=-18
__get_debug_log
cat /tmp/wifi_rssi.txt
# rssi data
rssi_comb = 83
rssi_in_dbm = -13
rx_per_chain_rssi_in_dbm[4] =  0:-19, 1:0, 2:0, 3:0, 
rx_per_chain_rssi_in_dbm[5] =  0:-18, 1:0, 2:0, 3:0, 
rx_per_chain_rssi_in_dbm[6] =  0:-21, 1:0, 2:0, 3:0, 
rx_per_chain_rssi_in_dbm[7] =  0:-18, 1:0, 2:0, 3:0, 
__get_rxRate
wlanconfig ath0 list | sed -n 2p | awk '{print $5}'
573M
__get_sta_count
iwpriv ath2 get_sta_count | awk -F":" '{print $2}'
0  
iwpriv ath2 get_sta_count | awk -F":" '{print $2}'
0  
iwpriv ath2 get_sta_count | awk -F":" '{print $2}'
0  
iwpriv ath2 get_sta_count | awk -F":" '{print $2}'
0  
iwpriv ath2 get_sta_count | awk -F":" '{print $2}'
0  
iwpriv ath2 get_sta_count | awk -F":" '{print $2}'
0  
iwpriv ath2 get_sta_count | awk -F":" '{print $2}'
0  
iwpriv ath2 get_sta_count | awk -F":" '{print $2}'
0  
iwpriv ath2 get_sta_count | awk -F":" '{print $2}'
0  
iwpriv ath2 get_sta_count | awk -F":" '{print $2}'
0  
iwpriv ath2 get_sta_count | awk -F":" '{print $2}'
0  
iwpriv ath2 get_sta_count | awk -F":" '{print $2}'
0  
iwpriv ath2 get_sta_count | awk -F":" '{print $2}'
0  
iwpriv ath2 get_sta_count | awk -F":" '{print $2}'
0  
iwpriv ath2 get_sta_count | awk -F":" '{print $2}'
0  
iwpriv ath2 get_sta_count | awk -F":" '{print $2}'
0  
iwpriv ath2 get_sta_count | awk -F":" '{print $2}'
0  
iwpriv ath2 get_sta_count | awk -F":" '{print $2}'
0  
iwpriv ath2 get_sta_count | awk -F":" '{print $2}'
0  
iwpriv ath2 get_sta_count | awk -F":" '{print $2}'
0  
iwpriv ath2 get_sta_count | awk -F":" '{print $2}'
0  
iwpriv ath2 get_sta_count | awk -F":" '{print $2}'
0  
iwpriv ath2 get_sta_count | awk -F":" '{print $2}'
0  
iwpriv ath2 get_sta_count | awk -F":" '{print $2}'
0  
iwpriv ath2 get_sta_count | awk -F":" '{print $2}'
0  
iwpriv ath2 get_sta_count | awk -F":" '{print $2}'
0  
iwpriv ath2 get_sta_count | awk -F":" '{print $2}'
0  
iwpriv ath2 get_sta_count | awk -F":" '{print $2}'
0  
iwpriv ath2 get_sta_count | awk -F":" '{print $2}'
0  
iwpriv ath2 get_sta_count | awk -F":" '{print $2}'
0  
iwpriv ath2 get_sta_count | awk -F":" '{print $2}'
0  
iwpriv ath2 get_sta_count | awk -F":" '{print $2}'
0  
iwpriv ath2 get_sta_count | awk -F":" '{print $2}'
0  
iwpriv ath2 get_sta_count | awk -F":" '{print $2}'
0  
iwpriv ath2 get_sta_count | awk -F":" '{print $2}'
0  
iwpriv ath2 get_sta_count | awk -F":" '{print $2}'
0  
iwpriv ath2 get_sta_count | awk -F":" '{print $2}'
0  
iwpriv ath2 get_sta_count | awk -F":" '{print $2}'
0  
iwpriv ath2 get_sta_count | awk -F":" '{print $2}'
0  
iwpriv ath2 get_sta_count | awk -F":" '{print $2}'
0  
iwpriv ath2 get_sta_count | awk -F":" '{print $2}'
0  
iwpriv ath2 get_sta_count | awk -F":" '{print $2}'
0  
iwpriv ath2 get_sta_count | awk -F":" '{print $2}'
0  
iwpriv ath2 get_sta_count | awk -F":" '{print $2}'
0  
iwpriv ath2 get_sta_count | awk -F":" '{print $2}'
0  
iwpriv ath2 get_sta_count | awk -F":" '{print $2}'
0  
iwpriv ath2 get_sta_count | awk -F":" '{print $2}'
0  
iwpriv ath2 get_sta_count | awk -F":" '{print $2}'
0  
iwpriv ath2 get_sta_count | awk -F":" '{print $2}'
0  
iwpriv ath2 get_sta_count | awk -F":" '{print $2}'
0  
iwpriv ath2 get_sta_count | awk -F":" '{print $2}'
0  
iwpriv ath2 get_sta_count | awk -F":" '{print $2}'
0  
iwpriv ath2 get_sta_count | awk -F":" '{print $2}'
0  
iwpriv ath2 get_sta_count | awk -F":" '{print $2}'
0  
iwpriv ath2 get_sta_count | awk -F":" '{print $2}'
0  
iwpriv ath2 get_sta_count | awk -F":" '{print $2}'
0  
iwpriv ath2 get_sta_count | awk -F":" '{print $2}'
0  
iwpriv ath2 get_sta_count | awk -F":" '{print $2}'
0  
iwpriv ath2 get_sta_count | awk -F":" '{print $2}'
0  
iwpriv ath2 get_sta_count | awk -F":" '{print $2}'
0  
iwpriv ath2 get_sta_count | awk -F":" '{print $2}'
0  
iwpriv ath2 get_sta_count | awk -F":" '{print $2}'
0  
iwpriv ath2 get_sta_count | awk -F":" '{print $2}'
0  
iwpriv ath2 get_sta_count | awk -F":" '{print $2}'
0  
iwpriv ath2 get_sta_count | awk -F":" '{print $2}'
0  
iwpriv ath2 get_sta_count | awk -F":" '{print $2}'
0  
iwpriv ath2 get_sta_count | awk -F":" '{print $2}'
0  
iwpriv ath2 get_sta_count | awk -F":" '{print $2}'
0  
iwpriv ath2 get_sta_count | awk -F":" '{print $2}'
0  
iwpriv ath2 get_sta_count | awk -F":" '{print $2}'
0  
iwpriv ath2 get_sta_count | awk -F":" '{print $2}'
0  
iwpriv ath2 get_sta_count | awk -F":" '{print $2}'
0  
iwpriv ath2 get_sta_count | awk -F":" '{print $2}'
0  
iwpriv ath2 get_sta_count | awk -F":" '{print $2}'
0  
iwpriv ath2 get_sta_count | awk -F":" '{print $2}'
0  
iwpriv ath2 get_sta_count | awk -F":" '{print $2}'
0  
iwpriv ath2 get_sta_count | awk -F":" '{print $2}'
0  
iwpriv ath2 get_sta_count | awk -F":" '{print $2}'
0  
iwpriv ath2 get_sta_count | awk -F":" '{print $2}'
0  
iwpriv ath2 get_sta_count | awk -F":" '{print $2}'
0  
iwpriv ath2 get_sta_count | awk -F":" '{print $2}'
0  
iwpriv ath2 get_sta_count | awk -F":" '{print $2}'
0  
iwpriv ath2 get_sta_count | awk -F":" '{print $2}'
0  
iwpriv ath2 get_sta_count | awk -F":" '{print $2}'
0  
iwpriv ath2 get_sta_count | awk -F":" '{print $2}'
0  
iwpriv ath2 get_sta_count | awk -F":" '{print $2}'
0  
iwpriv ath2 get_sta_count | awk -F":" '{print $2}'
0  
iwpriv ath2 get_sta_count | awk -F":" '{print $2}'
0  
iwpriv ath2 get_sta_count | awk -F":" '{print $2}'
0  
iwpriv ath2 get_sta_count | awk -F":" '{print $2}'
0  
iwpriv ath2 get_sta_count | awk -F":" '{print $2}'
0  
iwpriv ath2 get_sta_count | awk -F":" '{print $2}'
0  
iwpriv ath2 get_sta_count | awk -F":" '{print $2}'
0  
iwpriv ath2 get_sta_count | awk -F":" '{print $2}'
0  
iwpriv ath2 get_sta_count | awk -F":" '{print $2}'
0  
iwpriv ath2 get_sta_count | awk -F":" '{print $2}'
0  
iwpriv ath2 get_sta_count | awk -F":" '{print $2}'
0  
iwpriv ath2 get_sta_count | awk -F":" '{print $2}'
0  
iwpriv ath2 get_sta_count | awk -F":" '{print $2}'
0  
iwpriv ath2 get_sta_count | awk -F":" '{print $2}'
0  
iwpriv ath2 get_sta_count | awk -F":" '{print $2}'
0  
iwpriv ath2 get_sta_count | awk -F":" '{print $2}'
0  
iwpriv ath2 get_sta_count | awk -F":" '{print $2}'
0  
iwpriv ath2 get_sta_count | awk -F":" '{print $2}'
0  
iwpriv ath2 get_sta_count | awk -F":" '{print $2}'
0  
iwpriv ath2 get_sta_count | awk -F":" '{print $2}'
0  
iwpriv ath2 get_sta_count | awk -F":" '{print $2}'
0  
iwpriv ath2 get_sta_count | awk -F":" '{print $2}'
0  
iwpriv ath2 get_sta_count | awk -F":" '{print $2}'
0  
iwpriv ath2 get_sta_count | awk -F":" '{print $2}'
0  
iwpriv ath2 get_sta_count | awk -F":" '{print $2}'
0  
iwpriv ath2 get_sta_count | awk -F":" '{print $2}'
0  
iwpriv ath2 get_sta_count | awk -F":" '{print $2}'
0  
iwpriv ath2 get_sta_count | awk -F":" '{print $2}'
0  
iwpriv ath2 get_sta_count | awk -F":" '{print $2}'
0  
iwpriv ath2 get_sta_count | awk -F":" '{print $2}'
0  
iwpriv ath2 get_sta_count | awk -F":" '{print $2}'
0  
iwpriv ath2 get_sta_count | awk -F":" '{print $2}'
0  
iwpriv ath2 get_sta_count | awk -F":" '{print $2}'
0  
iwpriv ath2 get_sta_count | awk -F":" '{print $2}'
0  
iwpriv ath2 get_sta_count | awk -F":" '{print $2}'
0  
iwpriv ath2 get_sta_count | awk -F":" '{print $2}'
0  
iwpriv ath2 get_sta_count | awk -F":" '{print $2}'
0  
iwpriv ath2 get_sta_count | awk -F":" '{print $2}'
0  
iwpriv ath2 get_sta_count | awk -F":" '{print $2}'
0  
iwpriv ath2 get_sta_count | awk -F":" '{print $2}'
0  
iwpriv ath2 get_sta_count | awk -F":" '{print $2}'
0  
iwpriv ath2 get_sta_count | awk -F":" '{print $2}'
0  
iwpriv ath2 get_sta_count | awk -F":" '{print $2}'
0  
iwpriv ath2 get_sta_count | awk -F":" '{print $2}'
0  
iwpriv ath2 get_sta_count | awk -F":" '{print $2}'
0  
iwpriv ath2 get_sta_count | awk -F":" '{print $2}'
0  
iwpriv ath2 get_sta_count | awk -F":" '{print $2}'
0  
iwpriv ath2 get_sta_count | awk -F":" '{print $2}'
0  
iwpriv ath2 get_sta_count | awk -F":" '{print $2}'
0  
iwpriv ath2 get_sta_count | awk -F":" '{print $2}'
0  
iwpriv ath2 get_sta_count | awk -F":" '{print $2}'
0  
iwpriv ath2 get_sta_count | awk -F":" '{print $2}'
0  
iwpriv ath2 get_sta_count | awk -F":" '{print $2}'
0  
iwpriv ath2 get_sta_count | awk -F":" '{print $2}'
0  
iwpriv ath2 get_sta_count | awk -F":" '{print $2}'
0  
iwpriv ath2 get_sta_count | awk -F":" '{print $2}'
0  
iwpriv ath2 get_sta_count | awk -F":" '{print $2}'
0  
iwpriv ath2 get_sta_count | awk -F":" '{print $2}'
0  
iwpriv ath2 get_sta_count | awk -F":" '{print $2}'
0  
iwpriv ath2 get_sta_count | awk -F":" '{print $2}'
0  
iwpriv ath2 get_sta_count | awk -F":" '{print $2}'
0  
iwpriv ath2 get_sta_count | awk -F":" '{print $2}'
0  
iwpriv ath2 get_sta_count | awk -F":" '{print $2}'
0  
iwpriv ath2 get_sta_count | awk -F":" '{print $2}'
0  
iwpriv ath2 get_sta_count | awk -F":" '{print $2}'
0  
iwpriv ath2 get_sta_count | awk -F":" '{print $2}'
0  
iwpriv ath2 get_sta_count | awk -F":" '{print $2}'
0  
iwpriv ath2 get_sta_count | awk -F":" '{print $2}'
0  
iwpriv ath2 get_sta_count | awk -F":" '{print $2}'
0  
iwpriv ath2 get_sta_count | awk -F":" '{print $2}'
0  
iwpriv ath2 get_sta_count | awk -F":" '{print $2}'
0  
iwpriv ath2 get_sta_count | awk -F":" '{print $2}'
0  
iwpriv ath2 get_sta_count | awk -F":" '{print $2}'
0  
iwpriv ath2 get_sta_count | awk -F":" '{print $2}'
0  
iwpriv ath2 get_sta_count | awk -F":" '{print $2}'
0  
iwpriv ath2 get_sta_count | awk -F":" '{print $2}'
0  
iwpriv ath2 get_sta_count | awk -F":" '{print $2}'
0  
iwpriv ath2 get_sta_count | awk -F":" '{print $2}'
0  
iwpriv ath2 get_sta_count | awk -F":" '{print $2}'
0  
iwpriv ath2 get_sta_count | awk -F":" '{print $2}'
0  
iwpriv ath2 get_sta_count | awk -F":" '{print $2}'
0  
iwpriv ath2 get_sta_count | awk -F":" '{print $2}'
1  
__check_dp
ping 192.168.70.90 -c 1
PING 192.168.70.90 (192.168.70.90): 56 data bytes
64 bytes from 192.168.70.90: seq=0 ttl=64 time=1012.067 ms

--- 192.168.70.90 ping statistics ---
1 packets transmitted, 1 packets received, 0% packet loss
round-trip min/avg/max = 1012.067/1012.067/1012.067 ms
__do_tput
ssh -y root@192.168.70.90 "killall iperf"
ssh -y -f root@192.168.70.90 "iperf -u -s > /tmp/iperf_s &"
iperf -u -c 192.168.70.90 -b 1000M -t 5 -i 1 -P5
ssh -y root@192.168.70.90 "cat /tmp/iperf_s"
------------------------------------------------------------
Server listening on UDP port 5001
Receiving 1470 byte datagrams
UDP buffer size:  160 KByte (default)
------------------------------------------------------------
[  3] local 192.168.70.90 port 5001 connected with 192.168.70.100 port 44405
[  4] local 192.168.70.90 port 5001 connected with 192.168.70.100 port 60548
[  5] local 192.168.70.90 port 5001 connected with 192.168.70.100 port 43318
[  6] local 192.168.70.90 port 5001 connected with 192.168.70.100 port 35387
[  8] local 192.168.70.90 port 5001 connected with 192.168.70.100 port 59516
[ ID] Interval       Transfer     Bandwidth        Jitter   Lost/Total Datagrams
[  3]  0.0- 5.0 sec  54.1 MBytes  90.7 Mbits/sec   0.658 ms    0/38606 (0%)
[  3]  0.0- 5.0 sec  1 datagrams received out-of-order
[  6]  0.0- 5.0 sec  54.5 MBytes  91.3 Mbits/sec   0.473 ms    0/38859 (0%)
[  6]  0.0- 5.0 sec  1 datagrams received out-of-order
[  8]  0.0- 5.0 sec  55.4 MBytes  92.9 Mbits/sec   0.678 ms    7/39552 (0.018%)
[  8]  0.0- 5.0 sec  1 datagrams received out-of-order
[  4]  0.0- 5.0 sec  54.5 MBytes  91.3 Mbits/sec   0.842 ms    1/38902 (0.0026%)
[  4]  0.0- 5.0 sec  1 datagrams received out-of-order
[  5]  0.0- 5.0 sec  54.6 MBytes  91.4 Mbits/sec   0.644 ms    0/38916 (0%)
[  5]  0.0- 5.0 sec  1 datagrams received out-of-order
[SUM]  0.0- 5.0 sec   273 MBytes   457 Mbits/sec
ssh -y root@192.168.70.90 "cat /tmp/iperf_s" > /tmp/iperf_s
ssh -y root@192.168.70.90 "echo -e " " > /tmp/iperf_s"
ssh -y root@192.168.70.90 "killall iperf"
__get_rssi
lanner-prod wifi rssi_detect -i wifi2 -t 1
start to detect 1 times ...
result:
J24 max rssi=-31, min rssi=-31
J25 max rssi=-21, min rssi=-21
J26 max rssi=-29, min rssi=-29
J27 max rssi=-27, min rssi=-27
__get_debug_log
cat /tmp/wifi_rssi.txt
# rssi data
rssi_comb = 75
rssi_in_dbm = -19
rx_per_chain_rssi_in_dbm[0] =  0:-31, 1:-54, 2:-48, 3:-58, 
rx_per_chain_rssi_in_dbm[1] =  0:-21, 1:-46, 2:-41, 3:-50, 
rx_per_chain_rssi_in_dbm[2] =  0:-29, 1:-55, 2:-49, 3:-61, 
rx_per_chain_rssi_in_dbm[3] =  0:-27, 1:-51, 2:-44, 3:-54, 
__get_rxRate
wlanconfig ath2 list | sed -n 2p | awk '{print $5}'
688M
__get_sta_count
iwpriv ath1 get_sta_count | awk -F":" '{print $2}'
1  
__check_dp
ping 192.168.80.90 -c 1
PING 192.168.80.90 (192.168.80.90): 56 data bytes
64 bytes from 192.168.80.90: seq=0 ttl=64 time=8.928 ms

--- 192.168.80.90 ping statistics ---
1 packets transmitted, 1 packets received, 0% packet loss
round-trip min/avg/max = 8.928/8.928/8.928 ms
__do_tput
ssh -y root@192.168.80.90 "killall iperf"
ssh -y -f root@192.168.80.90 "iperf -u -s > /tmp/iperf_s &"
iperf -u -c 192.168.80.90 -b 1000M -t 5 -i 1 -P5
ssh -y root@192.168.80.90 "cat /tmp/iperf_s"
------------------------------------------------------------
Server listening on UDP port 5001
Receiving 1470 byte datagrams
UDP buffer size:  160 KByte (default)
------------------------------------------------------------
[  3] local 192.168.80.90 port 5001 connected with 192.168.80.100 port 38392
[  4] local 192.168.80.90 port 5001 connected with 192.168.80.100 port 51090
[  5] local 192.168.80.90 port 5001 connected with 192.168.80.100 port 44238
[  6] local 192.168.80.90 port 5001 connected with 192.168.80.100 port 59225
[  8] local 192.168.80.90 port 5001 connected with 192.168.80.100 port 57565
[ ID] Interval       Transfer     Bandwidth        Jitter   Lost/Total Datagrams
[  3]  0.0- 5.0 sec  55.5 MBytes  93.1 Mbits/sec   0.673 ms    2/39594 (0.0051%)
[  3]  0.0- 5.0 sec  1 datagrams received out-of-order
[  5]  0.0- 5.0 sec  55.8 MBytes  93.6 Mbits/sec   0.467 ms    0/39806 (0%)
[  5]  0.0- 5.0 sec  1 datagrams received out-of-order
[  6]  0.0- 5.0 sec  55.6 MBytes  93.3 Mbits/sec   0.617 ms    8/39678 (0.02%)
[  6]  0.0- 5.0 sec  1 datagrams received out-of-order
[  8]  0.0- 5.0 sec  55.8 MBytes  93.5 Mbits/sec   0.675 ms    1/39789 (0.0025%)
[  8]  0.0- 5.0 sec  1 datagrams received out-of-order
[  4]  0.0- 5.0 sec  55.8 MBytes  93.5 Mbits/sec   0.902 ms    1/39801 (0.0025%)
[  4]  0.0- 5.0 sec  1 datagrams received out-of-order
[SUM]  0.0- 5.0 sec   279 MBytes   467 Mbits/sec
ssh -y root@192.168.80.90 "cat /tmp/iperf_s" > /tmp/iperf_s
ssh -y root@192.168.80.90 "echo -e " " > /tmp/iperf_s"
ssh -y root@192.168.80.90 "killall iperf"
__get_rssi
lanner-prod wifi rssi_detect -i wifi1 -t 1
start to detect 1 times ...
result:
J20 max rssi=0, min rssi=0
J21 max rssi=-17, min rssi=-17
J22 max rssi=-19, min rssi=-19
J23 max rssi=-16, min rssi=-16
__get_debug_log
cat /tmp/wifi_rssi.txt
# rssi data
rssi_comb = 85
rssi_in_dbm = -11
rx_per_chain_rssi_in_dbm[0] =  0:0, 1:0, 2:0, 3:0, 
rx_per_chain_rssi_in_dbm[1] =  0:-17, 1:0, 2:0, 3:0, 
rx_per_chain_rssi_in_dbm[2] =  0:-19, 1:0, 2:0, 3:0, 
rx_per_chain_rssi_in_dbm[3] =  0:-16, 1:0, 2:0, 3:0, 
__get_rxRate
wlanconfig ath1 list | sed -n 2p | awk '{print $5}'
573M
__get_tput
cat /tmp/iperf_s | grep SUM
[SUM]  0.0- 5.0 sec   279 MBytes   467 Mbits/sec
wifi down
OK
OK
OK
device: wifi0 vifs: cfg023579
device: wifi1 vifs: cfg043579
device: wifi2 vifs: cfg063579
__do_reboot
reboot
Total Test Time: 97s
