
Pinging 192.168.100.100 with 32 bytes of data:
Reply from 192.168.100.75: Destination host unreachable.

Ping statistics for 192.168.100.100:
    Packets: Sent = 1, Received = 1, Lost = 0 (0% loss),

Pinging 192.168.100.100 with 32 bytes of data:
Reply from 192.168.100.75: Destination host unreachable.

Ping statistics for 192.168.100.100:
    Packets: Sent = 1, Received = 1, Lost = 0 (0% loss),

Pinging 192.168.100.100 with 32 bytes of data:
Reply from 192.168.100.75: Destination host unreachable.

Ping statistics for 192.168.100.100:
    Packets: Sent = 1, Received = 1, Lost = 0 (0% loss),

Pinging 192.168.100.100 with 32 bytes of data:
Reply from 192.168.100.100: bytes=32 time<1ms TTL=128

Ping statistics for 192.168.100.100:
    Packets: Sent = 1, Received = 1, Lost = 0 (0% loss),
Approximate round trip times in milli-seconds:
    Minimum = 0ms, Maximum = 0ms, Average = 0ms

Pinging 192.168.100.100 with 32 bytes of data:
Reply from 192.168.100.100: bytes=32 time<1ms TTL=128

Ping statistics for 192.168.100.100:
    Packets: Sent = 1, Received = 1, Lost = 0 (0% loss),
Approximate round trip times in milli-seconds:
    Minimum = 0ms, Maximum = 0ms, Average = 0ms

Pinging 192.168.100.100 with 32 bytes of data:
Reply from 192.168.100.100: bytes=32 time<1ms TTL=128

Ping statistics for 192.168.100.100:
    Packets: Sent = 1, Received = 1, Lost = 0 (0% loss),
Approximate round trip times in milli-seconds:
    Minimum = 0ms, Maximum = 0ms, Average = 0ms
wifi down
uci set network.wlan5=interface
[send_sshCommand timeout] uci set network.wlan5=interface
uci set network.wlan5=interface
[send_sshCommand timeout] uci set network.wlan5=interface
uci set network.wlan5=interface
[send_sshCommand timeout] uci set network.wlan5=interface
uci set network.wlan5=interface
[send_sshCommand timeout] uci set network.wlan5=interface
uci set network.wlan5=interface
[send_sshCommand timeout] uci set network.wlan5=interface
uci set network.wlan5=interface
[send_sshCommand timeout] uci set network.wlan5=interface
uci set network.wlan5=interface
[send_sshCommand timeout] uci set network.wlan5=interface
uci set network.wlan5=interface
[send_sshCommand timeout] uci set network.wlan5=interface
uci set network.wlan5=interface
[send_sshCommand timeout] uci set network.wlan5=interface
uci set network.wlan5=interface
[send_sshCommand timeout] uci set network.wlan5=interface
uci set network.wlan5=interface
[send_sshCommand timeout] uci set network.wlan5=interface
uci set network.wlan5=interface
[send_sshCommand timeout] uci set network.wlan5=interface
uci set network.wlan5=interface
[send_sshCommand timeout] uci set network.wlan5=interface
uci set network.wlan5=interface
[send_sshCommand timeout] uci set network.wlan5=interface
uci set network.wlan5=interface
[send_sshCommand timeout] uci set network.wlan5=interface
uci set network.wlan5=interface
[send_sshCommand timeout] uci set network.wlan5=interface
uci set network.wlan5=interface
[send_sshCommand timeout] uci set network.wlan5=interface
uci set network.wlan5=interface
[send_sshCommand timeout] uci set network.wlan5=interface
uci set network.wlan5=interface
[send_sshCommand timeout] uci set network.wlan5=interface
uci set network.wlan5=interface
[send_sshCommand timeout] uci set network.wlan5=interface
uci set network.wlan5=interface
[send_sshCommand timeout] uci set network.wlan5=interface
uci set network.wlan5=interface
[send_sshCommand timeout] uci set network.wlan5=interface
uci set network.wlan5=interface
[send_sshCommand timeout] uci set network.wlan5=interface
uci set network.wlan5=interface
[send_sshCommand timeout] uci set network.wlan5=interface
uci set network.wlan5=interface
[send_sshCommand timeout] uci set network.wlan5=interface
uci set network.wlan5=interface
[send_sshCommand timeout] uci set network.wlan5=interface
uci set network.wlan5=interface
[send_sshCommand timeout] uci set network.wlan5=interface
uci set network.wlan5=interface
[send_sshCommand timeout] uci set network.wlan5=interface
uci set network.wlan5=interface
[send_sshCommand timeout] uci set network.wlan5=interface
uci set network.wlan5=interface
[send_sshCommand timeout] uci set network.wlan5=interface
uci set network.wlan5=interface
[send_sshCommand timeout] uci set network.wlan5=interface
uci set network.wlan5=interface
[send_sshCommand timeout] uci set network.wlan5=interface
uci set network.wlan5=interface
[send_sshCommand timeout] uci set network.wlan5=interface
uci set network.wlan5=interface
[send_sshCommand timeout] uci set network.wlan5=interface
uci set network.wlan5=interface
[send_sshCommand timeout] uci set network.wlan5=interface
uci set network.wlan5=interface
[send_sshCommand timeout] uci set network.wlan5=interface
uci set network.wlan5=interface
[send_sshCommand timeout] uci set network.wlan5=interface
uci set network.wlan5=interface
[send_sshCommand timeout] uci set network.wlan5=interface
uci set network.wlan5=interface
[send_sshCommand timeout] uci set network.wlan5=interface
uci set network.wlan5=interface
[send_sshCommand timeout] uci set network.wlan5=interface
uci set network.wlan5=interface
[send_sshCommand timeout] uci set network.wlan5=interface
uci set network.wlan5=interface
[send_sshCommand timeout] uci set network.wlan5=interface
uci set network.wlan5=interface
[send_sshCommand timeout] uci set network.wlan5=interface
uci set network.wlan5=interface
[send_sshCommand timeout] uci set network.wlan5=interface
uci set network.wlan5=interface
[send_sshCommand timeout] uci set network.wlan5=interface
uci set network.wlan5=interface
[send_sshCommand timeout] uci set network.wlan5=interface
uci set network.wlan5=interface
[send_sshCommand timeout] uci set network.wlan5=interface
uci set network.wlan5=interface
[send_sshCommand timeout] uci set network.wlan5=interface
uci set network.wlan5=interface
[send_sshCommand timeout] uci set network.wlan5=interface
uci set network.wlan5=interface
[send_sshCommand timeout] uci set network.wlan5=interface
uci set network.wlan5=interface
[send_sshCommand timeout] uci set network.wlan5=interface
uci set network.wlan5=interface
[send_sshCommand timeout] uci set network.wlan5=interface
uci set network.wlan5=interface
[send_sshCommand timeout] uci set network.wlan5=interface
uci set network.wlan5=interface
[send_sshCommand timeout] uci set network.wlan5=interface
uci set network.wlan5=interface
[send_sshCommand timeout] uci set network.wlan5=interface
uci set network.wlan5=interface
[send_sshCommand timeout] uci set network.wlan5=interface
uci set network.wlan5=interface
[send_sshCommand timeout] uci set network.wlan5=interface
uci set network.wlan5=interface
[send_sshCommand timeout] uci set network.wlan5=interface
uci set network.wlan5=interface
[send_sshCommand timeout] uci set network.wlan5=interface
uci set network.wlan5=interface
[send_sshCommand timeout] uci set network.wlan5=interface
uci set network.wlan5=interface
[send_sshCommand timeout] uci set network.wlan5=interface
uci set network.wlan5=interface
[send_sshCommand timeout] uci set network.wlan5=interface
uci set network.wlan5=interface
[send_sshCommand timeout] uci set network.wlan5=interface
uci set network.wlan5=interface
[send_sshCommand timeout] uci set network.wlan5=interface
uci set network.wlan5=interface
[send_sshCommand timeout] uci set network.wlan5=interface
uci set network.wlan5=interface
[send_sshCommand timeout] uci set network.wlan5=interface
uci set network.wlan5=interface
[send_sshCommand timeout] uci set network.wlan5=interface
uci set network.wlan5=interface
[send_sshCommand timeout] uci set network.wlan5=interface
uci set network.wlan5=interface
[send_sshCommand timeout] uci set network.wlan5=interface
uci set network.wlan5=interface
[send_sshCommand timeout] uci set network.wlan5=interface
uci set network.wlan5=interface
[send_sshCommand timeout] uci set network.wlan5=interface
uci set network.wlan5=interface
[send_sshCommand timeout] uci set network.wlan5=interface
uci set network.wlan5=interface
[send_sshCommand timeout] uci set network.wlan5=interface
uci set network.wlan5=interface
[send_sshCommand timeout] uci set network.wlan5=interface
uci set network.wlan5=interface
[send_sshCommand timeout] uci set network.wlan5=interface
uci set network.wlan5=interface
[send_sshCommand timeout] uci set network.wlan5=interface
uci set network.wlan5=interface
[send_sshCommand timeout] uci set network.wlan5=interface
uci set network.wlan5=interface
[send_sshCommand timeout] uci set network.wlan5=interface
uci set network.wlan5=interface
[send_sshCommand timeout] uci set network.wlan5=interface
uci set network.wlan5=interface
[send_sshCommand timeout] uci set network.wlan5=interface
uci set network.wlan5=interface
[send_sshCommand timeout] uci set network.wlan5=interface
uci set network.wlan5=interface
[send_sshCommand timeout] uci set network.wlan5=interface
uci set network.wlan5=interface
[send_sshCommand timeout] uci set network.wlan5=interface
uci set network.wlan5=interface
[send_sshCommand timeout] uci set network.wlan5=interface
uci set network.wlan5=interface
[send_sshCommand timeout] uci set network.wlan5=interface
uci set network.wlan5=interface
[send_sshCommand timeout] uci set network.wlan5=interface
uci set network.wlan5=interface
[send_sshCommand timeout] uci set network.wlan5=interface
uci set network.wlan5=interface
[send_sshCommand timeout] uci set network.wlan5=interface
uci set network.wlan5=interface
[send_sshCommand timeout] uci set network.wlan5=interface
uci set network.wlan5=interface
[send_sshCommand timeout] uci set network.wlan5=interface
uci set network.wlan5=interface
[send_sshCommand timeout] uci set network.wlan5=interface
uci set network.wlan5=interface
[send_sshCommand timeout] uci set network.wlan5=interface
uci set network.wlan5=interface
[send_sshCommand timeout] uci set network.wlan5=interface
uci set network.wlan5=interface
[send_sshCommand timeout] uci set network.wlan5=interface
uci set network.wlan5=interface
[send_sshCommand timeout] uci set network.wlan5=interface
uci set network.wlan5=interface
[send_sshCommand timeout] uci set network.wlan5=interface
uci set network.wlan5=interface
[send_sshCommand timeout] uci set network.wlan5=interface
uci set network.wlan5=interface
[send_sshCommand timeout] uci set network.wlan5=interface
uci set network.wlan5=interface
[send_sshCommand timeout] uci set network.wlan5=interface
uci set network.wlan5=interface
[send_sshCommand timeout] uci set network.wlan5=interface
uci set network.wlan5=interface
[send_sshCommand timeout] uci set network.wlan5=interface
uci set network.wlan5=interface
[send_sshCommand timeout] uci set network.wlan5=interface
uci set network.wlan5=interface
[send_sshCommand timeout] uci set network.wlan5=interface
uci set network.wlan5=interface
[send_sshCommand timeout] uci set network.wlan5=interface
uci set network.wlan5=interface
[send_sshCommand timeout] uci set network.wlan5=interface
uci set network.wlan5=interface
[send_sshCommand timeout] uci set network.wlan5=interface
uci set network.wlan5=interface
[send_sshCommand timeout] uci set network.wlan5=interface
uci set network.wlan5=interface
[send_sshCommand timeout] uci set network.wlan5=interface
uci set network.wlan5=interface
[send_sshCommand timeout] uci set network.wlan5=interface
uci set network.wlan5=interface
[send_sshCommand timeout] uci set network.wlan5=interface
uci set network.wlan5=interface
[send_sshCommand timeout] uci set network.wlan5=interface
uci set network.wlan5=interface
[send_sshCommand timeout] uci set network.wlan5=interface
uci set network.wlan5=interface
[send_sshCommand timeout] uci set network.wlan5=interface
uci set network.wlan5=interface
[send_sshCommand timeout] uci set network.wlan5=interface
uci set network.wlan5=interface
[send_sshCommand timeout] uci set network.wlan5=interface
uci set network.wlan5=interface
[send_sshCommand timeout] uci set network.wlan5=interface
uci set network.wlan5=interface
[send_sshCommand timeout] uci set network.wlan5=interface
uci set network.wlan5=interface
[send_sshCommand timeout] uci set network.wlan5=interface
uci set network.wlan5=interface
[send_sshCommand timeout] uci set network.wlan5=interface
uci set network.wlan5=interface
[send_sshCommand timeout] uci set network.wlan5=interface
uci set network.wlan5=interface
[send_sshCommand timeout] uci set network.wlan5=interface
uci set network.wlan5=interface
[send_sshCommand timeout] uci set network.wlan5=interface
uci set network.wlan5=interface
[send_sshCommand timeout] uci set network.wlan5=interface
uci set network.wlan5=interface
[send_sshCommand timeout] uci set network.wlan5=interface
uci set network.wlan5=interface
[send_sshCommand timeout] uci set network.wlan5=interface
uci set network.wlan5=interface
[send_sshCommand timeout] uci set network.wlan5=interface
uci set network.wlan5=interface
[send_sshCommand timeout] uci set network.wlan5=interface
uci set network.wlan5=interface
[send_sshCommand timeout] uci set network.wlan5=interface
uci set network.wlan5=interface
[send_sshCommand timeout] uci set network.wlan5=interface
uci set network.wlan5=interface
[send_sshCommand timeout] uci set network.wlan5=interface
uci set network.wlan5=interface
[send_sshCommand timeout] uci set network.wlan5=interface
uci set network.wlan5=interface
[send_sshCommand timeout] uci set network.wlan5=interface
uci set network.wlan5=interface
[send_sshCommand timeout] uci set network.wlan5=interface
uci set network.wlan5=interface
[send_sshCommand timeout] uci set network.wlan5=interface
uci set network.wlan5=interface
[send_sshCommand timeout] uci set network.wlan5=interface
uci set network.wlan5=interface
[send_sshCommand timeout] uci set network.wlan5=interface
uci set network.wlan5=interface
[send_sshCommand timeout] uci set network.wlan5=interface
uci set network.wlan5=interface
[send_sshCommand timeout] uci set network.wlan5=interface
uci set network.wlan5=interface
[send_sshCommand timeout] uci set network.wlan5=interface
uci set network.wlan5=interface
[send_sshCommand timeout] uci set network.wlan5=interface
uci set network.wlan5=interface
[send_sshCommand timeout] uci set network.wlan5=interface
uci set network.wlan5=interface
[send_sshCommand timeout] uci set network.wlan5=interface
uci set network.wlan5=interface
[send_sshCommand timeout] uci set network.wlan5=interface
uci set network.wlan5=interface
[send_sshCommand timeout] uci set network.wlan5=interface
uci set network.wlan5=interface
[send_sshCommand timeout] uci set network.wlan5=interface
uci set network.wlan5=interface
[send_sshCommand timeout] uci set network.wlan5=interface
uci set network.wlan5=interface
[send_sshCommand timeout] uci set network.wlan5=interface
uci set network.wlan5=interface
[send_sshCommand timeout] uci set network.wlan5=interface
uci set network.wlan5=interface
[send_sshCommand timeout] uci set network.wlan5=interface
uci set network.wlan5=interface
[send_sshCommand timeout] uci set network.wlan5=interface
uci set network.wlan5=interface
[send_sshCommand timeout] uci set network.wlan5=interface
uci set network.wlan5=interface
[send_sshCommand timeout] uci set network.wlan5=interface
uci set network.wlan5=interface
[send_sshCommand timeout] uci set network.wlan5=interface
uci set network.wlan5=interface
[send_sshCommand timeout] uci set network.wlan5=interface
uci set network.wlan5=interface
[send_sshCommand timeout] uci set network.wlan5=interface
uci set network.wlan5=interface
[send_sshCommand timeout] uci set network.wlan5=interface
uci set network.wlan5=interface
[send_sshCommand timeout] uci set network.wlan5=interface
uci set network.wlan5=interface
[send_sshCommand timeout] uci set network.wlan5=interface
uci set network.wlan5=interface
[send_sshCommand timeout] uci set network.wlan5=interface
uci set network.wlan5=interface
[send_sshCommand timeout] uci set network.wlan5=interface
uci set network.wlan5=interface
[send_sshCommand timeout] uci set network.wlan5=interface
uci set network.wlan5=interface
[send_sshCommand timeout] uci set network.wlan5=interface
uci set network.wlan5=interface
[send_sshCommand timeout] uci set network.wlan5=interface
uci set network.wlan5=interface
[send_sshCommand timeout] uci set network.wlan5=interface
uci set network.wlan5=interface
[send_sshCommand timeout] uci set network.wlan5=interface
uci set network.wlan5=interface
[send_sshCommand timeout] uci set network.wlan5=interface
uci set network.wlan5=interface
[send_sshCommand timeout] uci set network.wlan5=interface
uci set network.wlan5=interface
[send_sshCommand timeout] uci set network.wlan5=interface
uci set network.wlan5=interface
[send_sshCommand timeout] uci set network.wlan5=interface
uci set network.wlan5=interface
[send_sshCommand timeout] uci set network.wlan5=interface
uci set network.wlan5=interface
[send_sshCommand timeout] uci set network.wlan5=interface
uci set network.wlan5=interface
[send_sshCommand timeout] uci set network.wlan5=interface
uci set network.wlan5=interface
[send_sshCommand timeout] uci set network.wlan5=interface
uci set network.wlan5=interface
[send_sshCommand timeout] uci set network.wlan5=interface
uci set network.wlan5=interface
[send_sshCommand timeout] uci set network.wlan5=interface
uci set network.wlan5=interface
[send_sshCommand timeout] uci set network.wlan5=interface
uci set network.wlan5=interface
[send_sshCommand timeout] uci set network.wlan5=interface
uci set network.wlan5=interface
[send_sshCommand timeout] uci set network.wlan5=interface
uci set network.wlan5=interface
[send_sshCommand timeout] uci set network.wlan5=interface
uci set network.wlan5=interface
[send_sshCommand timeout] uci set network.wlan5=interface
uci set network.wlan5=interface
[send_sshCommand timeout] uci set network.wlan5=interface
uci set network.wlan5=interface
[send_sshCommand timeout] uci set network.wlan5=interface
uci set network.wlan5=interface
[send_sshCommand timeout] uci set network.wlan5=interface
uci set network.wlan5=interface
[send_sshCommand timeout] uci set network.wlan5=interface
uci set network.wlan5=interface
[send_sshCommand timeout] uci set network.wlan5=interface
uci set network.wlan5=interface
[send_sshCommand timeout] uci set network.wlan5=interface
uci set network.wlan5=interface
[send_sshCommand timeout] uci set network.wlan5=interface
uci set network.wlan5=interface
[send_sshCommand timeout] uci set network.wlan5=interface
uci set network.wlan5=interface
[send_sshCommand timeout] uci set network.wlan5=interface
uci set network.wlan5=interface
[send_sshCommand timeout] uci set network.wlan5=interface
uci set network.wlan5=interface
[send_sshCommand timeout] uci set network.wlan5=interface
uci set network.wlan5=interface
[send_sshCommand timeout] uci set network.wlan5=interface
uci set network.wlan5=interface
[send_sshCommand timeout] uci set network.wlan5=interface
uci set network.wlan5=interface
[send_sshCommand timeout] uci set network.wlan5=interface
uci set network.wlan5=interface
[send_sshCommand timeout] uci set network.wlan5=interface
uci set network.wlan5=interface
[send_sshCommand timeout] uci set network.wlan5=interface
uci set network.wlan5=interface
[send_sshCommand timeout] uci set network.wlan5=interface
uci set network.wlan5=interface
[send_sshCommand timeout] uci set network.wlan5=interface
uci set network.wlan5=interface
[send_sshCommand timeout] uci set network.wlan5=interface
uci set network.wlan5=interface
[send_sshCommand timeout] uci set network.wlan5=interface
uci set network.wlan5=interface
[send_sshCommand timeout] uci set network.wlan5=interface
uci set network.wlan5=interface
[send_sshCommand timeout] uci set network.wlan5=interface
uci set network.wlan5=interface
[send_sshCommand timeout] uci set network.wlan5=interface
uci set network.wlan5=interface
[send_sshCommand timeout] uci set network.wlan5=interface
uci set network.wlan5=interface
[send_sshCommand timeout] uci set network.wlan5=interface
uci set network.wlan5=interface
[send_sshCommand timeout] uci set network.wlan5=interface
uci set network.wlan5=interface
[send_sshCommand timeout] uci set network.wlan5=interface
uci set network.wlan5=interface
[send_sshCommand timeout] uci set network.wlan5=interface
uci set network.wlan5=interface
[send_sshCommand timeout] uci set network.wlan5=interface
uci set network.wlan5=interface
[send_sshCommand timeout] uci set network.wlan5=interface
uci set network.wlan5=interface
[send_sshCommand timeout] uci set network.wlan5=interface
uci set network.wlan5=interface
[send_sshCommand timeout] uci set network.wlan5=interface
uci set network.wlan5=interface
[send_sshCommand timeout] uci set network.wlan5=interface
uci set network.wlan5=interface
[send_sshCommand timeout] uci set network.wlan5=interface
uci set network.wlan5=interface
[send_sshCommand timeout] uci set network.wlan5=interface
uci set network.wlan5=interface
[send_sshCommand timeout] uci set network.wlan5=interface
uci set network.wlan5=interface
[send_sshCommand timeout] uci set network.wlan5=interface
uci set network.wlan5=interface
[send_sshCommand timeout] uci set network.wlan5=interface
uci set network.wlan5=interface
[send_sshCommand timeout] uci set network.wlan5=interface
uci set network.wlan5=interface
[send_sshCommand timeout] uci set network.wlan5=interface
uci set network.wlan5=interface
[send_sshCommand timeout] uci set network.wlan5=interface
uci set network.wlan5=interface
[send_sshCommand timeout] uci set network.wlan5=interface
uci set network.wlan5=interface
[send_sshCommand timeout] uci set network.wlan5=interface
uci set network.wlan5=interface
[send_sshCommand timeout] uci set network.wlan5=interface
uci set network.wlan5=interface
[send_sshCommand timeout] uci set network.wlan5=interface
uci set network.wlan5=interface
[send_sshCommand timeout] uci set network.wlan5=interface
uci set network.wlan5=interface
[send_sshCommand timeout] uci set network.wlan5=interface
uci set network.wlan5=interface
[send_sshCommand timeout] uci set network.wlan5=interface
uci set network.wlan5=interface
[send_sshCommand timeout] uci set network.wlan5=interface
uci set network.wlan5=interface
[send_sshCommand timeout] uci set network.wlan5=interface
uci set network.wlan5=interface
[send_sshCommand timeout] uci set network.wlan5=interface
uci set network.wlan5=interface
[send_sshCommand timeout] uci set network.wlan5=interface
uci set network.wlan5=interface
[send_sshCommand timeout] uci set network.wlan5=interface
uci set network.wlan5=interface
[send_sshCommand timeout] uci set network.wlan5=interface
uci set network.wlan5=interface
[send_sshCommand timeout] uci set network.wlan5=interface
uci set network.wlan5=interface
[send_sshCommand timeout] uci set network.wlan5=interface
uci set network.wlan5=interface
[send_sshCommand timeout] uci set network.wlan5=interface
uci set network.wlan5=interface
[send_sshCommand timeout] uci set network.wlan5=interface
uci set network.wlan5=interface
[send_sshCommand timeout] uci set network.wlan5=interface
uci set network.wlan5=interface
[send_sshCommand timeout] uci set network.wlan5=interface
uci set network.wlan5=interface
[send_sshCommand timeout] uci set network.wlan5=interface
uci set network.wlan5=interface
[send_sshCommand timeout] uci set network.wlan5=interface
uci set network.wlan5=interface
[send_sshCommand timeout] uci set network.wlan5=interface
uci set network.wlan5=interface
[send_sshCommand timeout] uci set network.wlan5=interface
uci set network.wlan5=interface
[send_sshCommand timeout] uci set network.wlan5=interface
uci set network.wlan5=interface
[send_sshCommand timeout] uci set network.wlan5=interface
uci set network.wlan5=interface
[send_sshCommand timeout] uci set network.wlan5=interface
uci set network.wlan5=interface
[send_sshCommand timeout] uci set network.wlan5=interface
uci set network.wlan5=interface
[send_sshCommand timeout] uci set network.wlan5=interface
uci set network.wlan5=interface
[send_sshCommand timeout] uci set network.wlan5=interface
uci set network.wlan5=interface
[send_sshCommand timeout] uci set network.wlan5=interface
uci set network.wlan5=interface
[send_sshCommand timeout] uci set network.wlan5=interface
uci set network.wlan5=interface
[send_sshCommand timeout] uci set network.wlan5=interface
uci set network.wlan5=interface
uci set network.wlan5.type=bridge
uci set network.wlan5.proto=static
uci set network.wlan5.ipaddr=192.168.90.100
uci set network.wlan5.netmask=255.255.255.0
uci set network.wlan5.force_link=1
uci set network.wlan2=interface
uci set network.wlan2.type=bridge
uci set network.wlan2.proto=static
uci set network.wlan2.ipaddr=192.168.80.100
uci set network.wlan2.netmask=255.255.255.0
uci set network.wlan2.force_link=1
uci set network.wlan6=interface
uci set network.wlan6.type=bridge
uci set network.wlan6.proto=static
uci set network.wlan6.ipaddr=192.168.70.100
uci set network.wlan6.netmask=255.255.255.0
uci set network.wlan6.force_link=1
uci set wireless.@wifi-iface[0].network=wlan5
uci set wireless.@wifi-iface[1].network=wlan2
uci set wireless.@wifi-iface[2].network=wlan6
wifi
OK
OK
OK
device: wifi0 vifs: cfg023579
device: wifi1 vifs: cfg043579
device: wifi2 vifs: cfg063579
Enable ol_stats by default for Lithium platforms
Enable ol_stats by default for Lithium platforms
OK
Enable ol_stats by default for Lithium platforms
Enable ol_stats by default for Lithium platforms
OK
Enable ol_stats by default for Lithium platforms
Enable ol_stats by default for Lithium platforms
OK
device: wifi0 vifs: cfg023579
device: wifi1 vifs: cfg043579
device: wifi2 vifs: cfg063579
__get_sta_count
iwpriv ath0 get_sta_count | awk -F":" '{print $2}'
0  
iwpriv ath0 get_sta_count | awk -F":" '{print $2}'
0  
iwpriv ath0 get_sta_count | awk -F":" '{print $2}'
0  
iwpriv ath0 get_sta_count | awk -F":" '{print $2}'
0  
iwpriv ath0 get_sta_count | awk -F":" '{print $2}'
0  
iwpriv ath0 get_sta_count | awk -F":" '{print $2}'
0  
iwpriv ath0 get_sta_count | awk -F":" '{print $2}'
0  
iwpriv ath0 get_sta_count | awk -F":" '{print $2}'
0  
iwpriv ath0 get_sta_count | awk -F":" '{print $2}'
0  
iwpriv ath0 get_sta_count | awk -F":" '{print $2}'
0  
iwpriv ath0 get_sta_count | awk -F":" '{print $2}'
0  
iwpriv ath0 get_sta_count | awk -F":" '{print $2}'
0  
iwpriv ath0 get_sta_count | awk -F":" '{print $2}'
0  
iwpriv ath0 get_sta_count | awk -F":" '{print $2}'
0  
iwpriv ath0 get_sta_count | awk -F":" '{print $2}'
0  
iwpriv ath0 get_sta_count | awk -F":" '{print $2}'
0  
iwpriv ath0 get_sta_count | awk -F":" '{print $2}'
0  
iwpriv ath0 get_sta_count | awk -F":" '{print $2}'
0  
iwpriv ath0 get_sta_count | awk -F":" '{print $2}'
0  
iwpriv ath0 get_sta_count | awk -F":" '{print $2}'
0  
iwpriv ath0 get_sta_count | awk -F":" '{print $2}'
0  
iwpriv ath0 get_sta_count | awk -F":" '{print $2}'
0  
iwpriv ath0 get_sta_count | awk -F":" '{print $2}'
0  
iwpriv ath0 get_sta_count | awk -F":" '{print $2}'
0  
iwpriv ath0 get_sta_count | awk -F":" '{print $2}'
1  
__check_dp
ping 192.168.90.90 -c 1
PING 192.168.90.90 (192.168.90.90): 56 data bytes
64 bytes from 192.168.90.90: seq=0 ttl=64 time=7.100 ms

--- 192.168.90.90 ping statistics ---
1 packets transmitted, 1 packets received, 0% packet loss
round-trip min/avg/max = 7.100/7.100/7.100 ms
__do_tput
ssh -y root@192.168.90.90 "killall iperf"
ssh -y -f root@192.168.90.90 "iperf -u -s > /tmp/iperf_s &"
iperf -u -c 192.168.90.90 -b 1000M -t 5 -i 1 -P5
ssh -y root@192.168.90.90 "cat /tmp/iperf_s"
------------------------------------------------------------
Server listening on UDP port 5001
Receiving 1470 byte datagrams
UDP buffer size:  160 KByte (default)
------------------------------------------------------------
[  3] local 192.168.90.90 port 5001 connected with 192.168.90.100 port 59613
[  4] local 192.168.90.90 port 5001 connected with 192.168.90.100 port 60851
[  5] local 192.168.90.90 port 5001 connected with 192.168.90.100 port 44514
[  6] local 192.168.90.90 port 5001 connected with 192.168.90.100 port 35348
[  8] local 192.168.90.90 port 5001 connected with 192.168.90.100 port 50956
[ ID] Interval       Transfer     Bandwidth        Jitter   Lost/Total Datagrams
[  3]  0.0- 5.0 sec  57.5 MBytes  96.4 Mbits/sec   0.622 ms  811/41830 (1.9%)
[  3]  0.0- 5.0 sec  1 datagrams received out-of-order
[  4]  0.0- 5.0 sec  57.9 MBytes  97.1 Mbits/sec   0.050 ms  878/42188 (2.1%)
[  4]  0.0- 5.0 sec  1 datagrams received out-of-order
[  8]  0.0- 5.0 sec  58.0 MBytes  97.3 Mbits/sec   0.034 ms  899/42281 (2.1%)
[  8]  0.0- 5.0 sec  1 datagrams received out-of-order
[  5]  0.0- 5.0 sec  57.5 MBytes  96.2 Mbits/sec   1.114 ms  792/41794 (1.9%)
[  5]  0.0- 5.0 sec  1 datagrams received out-of-order
[  6]  0.0- 5.0 sec  57.6 MBytes  96.4 Mbits/sec   0.937 ms  893/41955 (2.1%)
[  6]  0.0- 5.0 sec  1 datagrams received out-of-order
[SUM]  0.0- 5.0 sec   288 MBytes   483 Mbits/sec
ssh -y root@192.168.90.90 "cat /tmp/iperf_s" > /tmp/iperf_s
ssh -y root@192.168.90.90 "echo -e " " > /tmp/iperf_s"
ssh -y root@192.168.90.90 "killall iperf"
__get_rssi
lanner-prod wifi rssi_detect -i wifi0 -t 1
start to detect 1 times ...
result:
J16 max rssi=-17, min rssi=-17
J17 max rssi=-18, min rssi=-18
J18 max rssi=-19, min rssi=-19
J19 max rssi=-16, min rssi=-16
__get_debug_log
cat /tmp/wifi_rssi.txt
# rssi data
rssi_comb = 85
rssi_in_dbm = -11
rx_per_chain_rssi_in_dbm[4] =  0:-17, 1:0, 2:0, 3:0, 
rx_per_chain_rssi_in_dbm[5] =  0:-18, 1:0, 2:0, 3:0, 
rx_per_chain_rssi_in_dbm[6] =  0:-19, 1:0, 2:0, 3:0, 
rx_per_chain_rssi_in_dbm[7] =  0:-16, 1:0, 2:0, 3:0, 
__get_rxRate
wlanconfig ath0 list | sed -n 2p | awk '{print $5}'
573M
__get_sta_count
iwpriv ath2 get_sta_count | awk -F":" '{print $2}'
1  
__check_dp
ping 192.168.70.90 -c 1
PING 192.168.70.90 (192.168.70.90): 56 data bytes

--- 192.168.70.90 ping statistics ---
1 packets transmitted, 0 packets received, 100% packet loss
ping 192.168.70.90 -c 1
PING 192.168.70.90 (192.168.70.90): 56 data bytes

--- 192.168.70.90 ping statistics ---
1 packets transmitted, 0 packets received, 100% packet loss
ping 192.168.70.90 -c 1
PING 192.168.70.90 (192.168.70.90): 56 data bytes

--- 192.168.70.90 ping statistics ---
1 packets transmitted, 0 packets received, 100% packet loss
ping 192.168.70.90 -c 1
PING 192.168.70.90 (192.168.70.90): 56 data bytes
64 bytes from 192.168.70.90: seq=0 ttl=64 time=9.257 ms

--- 192.168.70.90 ping statistics ---
1 packets transmitted, 1 packets received, 0% packet loss
round-trip min/avg/max = 9.257/9.257/9.257 ms
__do_tput
ssh -y root@192.168.70.90 "killall iperf"
ssh -y -f root@192.168.70.90 "iperf -u -s > /tmp/iperf_s &"
iperf -u -c 192.168.70.90 -b 1000M -t 5 -i 1 -P5
ssh -y root@192.168.70.90 "cat /tmp/iperf_s"
------------------------------------------------------------
Server listening on UDP port 5001
Receiving 1470 byte datagrams
UDP buffer size:  160 KByte (default)
------------------------------------------------------------
[  3] local 192.168.70.90 port 5001 connected with 192.168.70.100 port 59007
[  4] local 192.168.70.90 port 5001 connected with 192.168.70.100 port 42345
[  5] local 192.168.70.90 port 5001 connected with 192.168.70.100 port 45046
[  6] local 192.168.70.90 port 5001 connected with 192.168.70.100 port 36485
[  8] local 192.168.70.90 port 5001 connected with 192.168.70.100 port 55692
[ ID] Interval       Transfer     Bandwidth        Jitter   Lost/Total Datagrams
[  4]  0.0- 5.0 sec  53.4 MBytes  89.5 Mbits/sec   0.799 ms    8/38072 (0.021%)
[  4]  0.0- 5.0 sec  1 datagrams received out-of-order
[  8]  0.0- 5.0 sec  53.7 MBytes  90.1 Mbits/sec   0.801 ms    1/38321 (0.0026%)
[  8]  0.0- 5.0 sec  1 datagrams received out-of-order
[  3]  0.0- 5.0 sec  54.0 MBytes  90.6 Mbits/sec   0.487 ms    0/38527 (0%)
[  3]  0.0- 5.0 sec  1 datagrams received out-of-order
[  5]  0.0- 5.0 sec  53.2 MBytes  89.3 Mbits/sec   0.720 ms    0/37978 (0%)
[  5]  0.0- 5.0 sec  1 datagrams received out-of-order
[  6]  0.0- 5.0 sec  53.9 MBytes  90.4 Mbits/sec   0.511 ms    1/38449 (0.0026%)
[  6]  0.0- 5.0 sec  1 datagrams received out-of-order
[SUM]  0.0- 5.0 sec   268 MBytes   450 Mbits/sec
ssh -y root@192.168.70.90 "cat /tmp/iperf_s" > /tmp/iperf_s
ssh -y root@192.168.70.90 "echo -e " " > /tmp/iperf_s"
ssh -y root@192.168.70.90 "killall iperf"
__get_rssi
lanner-prod wifi rssi_detect -i wifi2 -t 1
start to detect 1 times ...
result:
J24 max rssi=-30, min rssi=-30
J25 max rssi=-22, min rssi=-22
J26 max rssi=-29, min rssi=-29
J27 max rssi=-27, min rssi=-27
__get_debug_log
cat /tmp/wifi_rssi.txt
# rssi data
rssi_comb = 74
rssi_in_dbm = -20
rx_per_chain_rssi_in_dbm[0] =  0:-30, 1:-58, 2:-54, 3:-64, 
rx_per_chain_rssi_in_dbm[1] =  0:-22, 1:-46, 2:-46, 3:-51, 
rx_per_chain_rssi_in_dbm[2] =  0:-29, 1:-51, 2:-49, 3:-57, 
rx_per_chain_rssi_in_dbm[3] =  0:-27, 1:-50, 2:-51, 3:-60, 
__get_rxRate
wlanconfig ath2 list | sed -n 2p | awk '{print $5}'
688M
__get_sta_count
iwpriv ath1 get_sta_count | awk -F":" '{print $2}'
1  
__check_dp
ping 192.168.80.90 -c 1
PING 192.168.80.90 (192.168.80.90): 56 data bytes
64 bytes from 192.168.80.90: seq=0 ttl=64 time=8.749 ms

--- 192.168.80.90 ping statistics ---
1 packets transmitted, 1 packets received, 0% packet loss
round-trip min/avg/max = 8.749/8.749/8.749 ms
__do_tput
ssh -y root@192.168.80.90 "killall iperf"
ssh -y -f root@192.168.80.90 "iperf -u -s > /tmp/iperf_s &"
iperf -u -c 192.168.80.90 -b 1000M -t 5 -i 1 -P5
ssh -y root@192.168.80.90 "cat /tmp/iperf_s"
------------------------------------------------------------
Server listening on UDP port 5001
Receiving 1470 byte datagrams
UDP buffer size:  160 KByte (default)
------------------------------------------------------------
[  3] local 192.168.80.90 port 5001 connected with 192.168.80.100 port 48526
[  4] local 192.168.80.90 port 5001 connected with 192.168.80.100 port 44402
[  5] local 192.168.80.90 port 5001 connected with 192.168.80.100 port 57954
[  6] local 192.168.80.90 port 5001 connected with 192.168.80.100 port 36063
[  8] local 192.168.80.90 port 5001 connected with 192.168.80.100 port 57605
[ ID] Interval       Transfer     Bandwidth        Jitter   Lost/Total Datagrams
[  3]  0.0- 5.0 sec  55.6 MBytes  93.2 Mbits/sec   0.981 ms    0/39671 (0%)
[  3]  0.0- 5.0 sec  1 datagrams received out-of-order
[  4]  0.0- 5.0 sec  55.8 MBytes  93.5 Mbits/sec   0.670 ms    1/39772 (0.0025%)
[  4]  0.0- 5.0 sec  1 datagrams received out-of-order
[  5]  0.0- 5.0 sec  55.5 MBytes  93.0 Mbits/sec   0.757 ms    0/39561 (0%)
[  5]  0.0- 5.0 sec  1 datagrams received out-of-order
[  6]  0.0- 5.0 sec  55.1 MBytes  92.3 Mbits/sec   0.568 ms    1/39288 (0.0025%)
[  6]  0.0- 5.0 sec  1 datagrams received out-of-order
[  8]  0.0- 5.0 sec  55.6 MBytes  93.2 Mbits/sec   0.679 ms    1/39680 (0.0025%)
[  8]  0.0- 5.0 sec  1 datagrams received out-of-order
[SUM]  0.0- 5.0 sec   278 MBytes   465 Mbits/sec
ssh -y root@192.168.80.90 "cat /tmp/iperf_s" > /tmp/iperf_s
ssh -y root@192.168.80.90 "echo -e " " > /tmp/iperf_s"
ssh -y root@192.168.80.90 "killall iperf"
__get_rssi
lanner-prod wifi rssi_detect -i wifi1 -t 1
start to detect 1 times ...
result:
J20 max rssi=0, min rssi=0
J21 max rssi=-16, min rssi=-16
J22 max rssi=-18, min rssi=-18
J23 max rssi=-16, min rssi=-16
__get_debug_log
cat /tmp/wifi_rssi.txt
# rssi data
rssi_comb = 86
rssi_in_dbm = -10
rx_per_chain_rssi_in_dbm[0] =  0:0, 1:0, 2:0, 3:0, 
rx_per_chain_rssi_in_dbm[1] =  0:-16, 1:0, 2:0, 3:0, 
rx_per_chain_rssi_in_dbm[2] =  0:-18, 1:0, 2:0, 3:0, 
rx_per_chain_rssi_in_dbm[3] =  0:-16, 1:0, 2:0, 3:0, 
__get_rxRate
wlanconfig ath1 list | sed -n 2p | awk '{print $5}'
573M
__get_tput
cat /tmp/iperf_s | grep SUM
[SUM]  0.0- 5.0 sec   278 MBytes   465 Mbits/sec
wifi down
OK
OK
OK
device: wifi0 vifs: cfg023579
device: wifi1 vifs: cfg043579
device: wifi2 vifs: cfg063579
__do_reboot
reboot
Total Test Time: 2655s
